[2024-09-17T17:43:45.653] [INFO] default - Registering the reporter globally
[2024-09-17T17:43:52.019] [INFO] default - Before all
[2024-09-17T17:43:52.025] [INFO] default - global.env = ota_nb
[2024-09-17T17:43:52.065] [INFO] default - env = ota_nb
[2024-09-17T17:43:52.107] [INFO] default - Navigating to https://dailyregr.remoteaccess.view.com/
[2024-09-17T17:44:12.122] [INFO] default - Created custom screenshot  loginPage.png
[2024-09-17T17:44:12.435] [INFO] default - Navigating to using expect click
[2024-09-17T17:44:15.539] [INFO] default - Hit login
[2024-09-17T17:44:31.667] [INFO] default - Before Each 
[2024-09-17T17:44:31.672] [INFO] default - In givenAdminLoggedIn
[2024-09-17T17:44:34.335] [INFO] default - Created custom screenshot  givenAdminLoggedIn.png
[2024-09-17T17:44:34.349] [INFO] default - In performAction
[2024-09-17T17:44:34.349] [INFO] default - In getElementHandleByXpath  //aside//a[@href[contains(.,'orginfo')]]
[2024-09-17T17:44:34.447] [INFO] default - in if
[2024-09-17T17:44:35.594] [INFO] default - in click
[2024-09-17T17:44:38.182] [INFO] default - In performAction
[2024-09-17T17:44:38.186] [INFO] default - In getElementHandleByXpath  //div[@class='ant-collapse-item']//span[@aria-label='right']//*[name()='svg']
[2024-09-17T17:44:38.187] [INFO] default - in if
[2024-09-17T17:44:38.224] [INFO] default - in click
[2024-09-17T17:44:39.241] [INFO] default - After Each 
[2024-09-17T17:44:39.254] [INFO] default - After ALL
[2024-09-17T17:44:40.135] [INFO] default - Created custom screenshot  afterEach.png
[2024-09-17T17:44:41.071] [INFO] default - In performAction
[2024-09-17T17:44:41.074] [INFO] default - In getElementHandleByXpath  //div[text()="Notification Banner"]//parent::div//child::span[@class="anticon anticon-right ant-collapse-arrow"]//*[name()="svg"]
[2024-09-17T17:44:41.075] [INFO] default - in if
[2024-09-17T17:44:41.113] [INFO] default - in click
[2024-09-17T17:44:43.170] [INFO] default - In performAction
[2024-09-17T17:44:43.173] [INFO] default - In getElementHandleByXpath  //span[text()="Create Banner"]//parent::button[@type="button"]//span[@class="anticon anticon-plus"]
[2024-09-17T17:44:43.174] [INFO] default - in if
[2024-09-17T17:44:43.214] [INFO] default - in click
[2024-09-17T17:44:45.331] [INFO] default - In performAction
[2024-09-17T17:44:45.334] [INFO] default - In getElementHandleByXpath  //div[@class='rdw-editor-main']
[2024-09-17T17:44:45.335] [INFO] default - in if
[2024-09-17T17:44:45.378] [INFO] default - in click
[2024-09-17T17:44:47.438] [INFO] default - In performAction
[2024-09-17T17:44:47.443] [INFO] default - In getElementHandleByXpath  //div[@class='rdw-editor-main']
[2024-09-17T17:44:47.444] [INFO] default - in if
[2024-09-17T17:44:47.490] [INFO] default - in type 1 Hi This is a new Feature
[2024-09-17T17:45:10.761] [INFO] default - Ending After all
