[2024-09-17T14:55:15.369] [INFO] default - Registering the reporter globally
[2024-09-17T14:55:21.020] [INFO] default - Before all
[2024-09-17T14:55:21.023] [INFO] default - global.env = ota_nb
[2024-09-17T14:55:21.037] [INFO] default - env = ota_nb
[2024-09-17T14:55:21.053] [INFO] default - Navigating to https://qa.remoteaccess.view.com/
[2024-09-17T14:55:27.764] [INFO] default - Created custom screenshot  loginPage.png
[2024-09-17T14:55:28.069] [INFO] default - Navigating to using expect click
[2024-09-17T14:55:30.139] [INFO] default - Hit login
[2024-09-17T14:55:46.257] [INFO] default - Before Each 
[2024-09-17T14:55:46.261] [INFO] default - In givenAdminLoggedIn
[2024-09-17T14:55:48.344] [INFO] default - Created custom screenshot  givenAdminLoggedIn.png
[2024-09-17T14:55:48.350] [INFO] default - In performAction
[2024-09-17T14:55:48.351] [INFO] default - In getElementHandleByXpath  //aside//a[@href[contains(.,'orginfo')]]
[2024-09-17T14:55:48.351] [INFO] default - in if
[2024-09-17T14:55:48.639] [INFO] default - in click
[2024-09-17T14:55:51.285] [INFO] default - In performAction
[2024-09-17T14:55:51.288] [INFO] default - In getElementHandleByXpath  //div[@class='ant-collapse-item']//span[@aria-label='right']//*[name()='svg']
[2024-09-17T14:55:51.289] [INFO] default - in if
[2024-09-17T14:55:51.324] [INFO] default - in click
[2024-09-17T14:55:53.550] [INFO] default - In performAction
[2024-09-17T14:55:53.553] [INFO] default - In getElementHandleByXpath  //div[text()="Notification Banner"]//parent::div//child::span[@class="anticon anticon-right ant-collapse-arrow"]//*[name()="svg"]
[2024-09-17T14:55:53.553] [INFO] default - in if
[2024-09-17T14:55:53.583] [INFO] default - in click
[2024-09-17T14:55:55.651] [INFO] default - In performAction
[2024-09-17T14:55:55.653] [INFO] default - In getElementHandleByXpath  //span[text()="Create Banner"]//parent::button[@type="button"]//span[@class="anticon anticon-plus"]
[2024-09-17T14:55:55.654] [INFO] default - in if
[2024-09-17T14:55:59.133] [INFO] default - in click
[2024-09-17T14:56:01.227] [INFO] default - After Each 
[2024-09-17T14:56:01.786] [INFO] default - Created custom screenshot  afterEach.png
[2024-09-17T14:56:01.788] [INFO] default - After ALL
[2024-09-17T14:56:13.923] [INFO] default - Ignorable exception, possibly have already logged out
[2024-09-17T14:56:13.925] [INFO] default - Error: Node is either not clickable or not an HTMLElement
    at ElementHandle.clickablePoint (C:\Users\skovvuri\Desktop\ota_automation\notification_banner\qa-workflowautomation\node_modules\puppeteer\src\common\JSHandle.ts:536:13)
    at processTicksAndRejections (node:internal/process/task_queues:96:5)
    at ElementHandle.click (C:\Users\skovvuri\Desktop\ota_automation\notification_banner\qa-workflowautomation\node_modules\puppeteer\src\common\JSHandle.ts:620:22)
    at DOMWorld.click (C:\Users\skovvuri\Desktop\ota_automation\notification_banner\qa-workflowautomation\node_modules\puppeteer\src\common\DOMWorld.ts:462:5)
    at Object.<anonymous> (C:\Users\skovvuri\Desktop\ota_automation\notification_banner\qa-workflowautomation\otae2e\test-specifications\otanotificationbanner.spec.js:51:21)
[2024-09-17T14:56:13.938] [INFO] default - Ending After all
