[2024-09-17T19:36:54.431] [INFO] default - Registering the reporter globally
[2024-09-17T19:36:58.544] [INFO] default - Before all
[2024-09-17T19:36:58.548] [INFO] default - global.env = ota_nb
[2024-09-17T19:36:58.564] [INFO] default - env = ota_nb
[2024-09-17T19:36:58.582] [INFO] default - Navigating to https://dailyregr.remoteaccess.view.com/
[2024-09-17T19:37:04.746] [INFO] default - Created custom screenshot  loginPage.png
[2024-09-17T19:37:05.055] [INFO] default - Navigating to using expect click
[2024-09-17T19:37:07.569] [INFO] default - Hit login
[2024-09-17T19:37:23.660] [INFO] default - Before Each 
[2024-09-17T19:37:23.665] [INFO] default - In givenAdminLoggedIn
[2024-09-17T19:37:24.572] [INFO] default - Created custom screenshot  givenAdminLoggedIn.png
[2024-09-17T19:37:24.578] [INFO] default - In performAction
[2024-09-17T19:37:24.579] [INFO] default - In getElementHandleByXpath  //aside//a[@href[contains(.,'orginfo')]]
[2024-09-17T19:37:24.580] [INFO] default - in if
[2024-09-17T19:37:24.601] [INFO] default - in click
[2024-09-17T19:37:26.937] [INFO] default - In performAction
[2024-09-17T19:37:26.939] [INFO] default - In getElementHandleByXpath  //div[@class='ant-collapse-item']//span[@aria-label='right']//*[name()='svg']
[2024-09-17T19:37:26.940] [INFO] default - in if
[2024-09-17T19:37:26.958] [INFO] default - in click
[2024-09-17T19:37:27.493] [INFO] default - After Each 
[2024-09-17T19:37:27.500] [INFO] default - After ALL
[2024-09-17T19:37:27.808] [INFO] default - Created custom screenshot  afterEach.png
[2024-09-17T19:37:29.383] [INFO] default - In performAction
[2024-09-17T19:37:29.385] [INFO] default - In getElementHandleByXpath  //div[text()="Notification Banner"]//parent::div//child::span[@class="anticon anticon-right ant-collapse-arrow"]//*[name()="svg"]
[2024-09-17T19:37:29.386] [INFO] default - in if
[2024-09-17T19:37:29.404] [INFO] default - in click
[2024-09-17T19:37:31.452] [INFO] default - In performAction
[2024-09-17T19:37:31.453] [INFO] default - In getElementHandleByXpath  //span[text()="Create Banner"]//parent::button[@type="button"]//span[@class="anticon anticon-plus"]
[2024-09-17T19:37:31.453] [INFO] default - in if
[2024-09-17T19:37:31.470] [INFO] default - in click
[2024-09-17T19:37:33.551] [INFO] default - In performAction
[2024-09-17T19:37:33.552] [INFO] default - In getElementHandleByXpath  //div[@class='rdw-editor-main']
[2024-09-17T19:37:33.553] [INFO] default - in if
[2024-09-17T19:37:33.569] [INFO] default - in click
[2024-09-17T19:37:35.603] [INFO] default - In performAction
[2024-09-17T19:37:35.605] [INFO] default - In getElementHandleByXpath  //div[@class='rdw-editor-main']
[2024-09-17T19:37:35.606] [INFO] default - in if
[2024-09-17T19:37:35.632] [INFO] default - in type 1 Hi This is a new Feature
[2024-09-17T19:37:38.265] [INFO] default - In performAction
[2024-09-17T19:37:38.267] [INFO] default - In getElementHandleByXpath  //div[@class='rdw-editor-main']
[2024-09-17T19:37:38.268] [INFO] default - in if
[2024-09-17T19:37:58.262] [INFO] default - Ending After all
[2024-09-17T19:37:58.318] [ERROR] default - ProtocolError: Protocol error (Runtime.callFunctionOn): Target closed.
    at C:\Users\skovvuri\Desktop\ota_automation\notification_banner\qa-workflowautomation\node_modules\puppeteer\src\common\Connection.ts:304:16
    at new Promise (<anonymous>)
    at CDPSession.send (C:\Users\skovvuri\Desktop\ota_automation\notification_banner\qa-workflowautomation\node_modules\puppeteer\src\common\Connection.ts:300:12)
    at ExecutionContext._evaluateInternal (C:\Users\skovvuri\Desktop\ota_automation\notification_banner\qa-workflowautomation\node_modules\puppeteer\src\common\ExecutionContext.ts:254:44)
    at ExecutionContext.evaluateHandle (C:\Users\skovvuri\Desktop\ota_automation\notification_banner\qa-workflowautomation\node_modules\puppeteer\src\common\ExecutionContext.ts:193:17)
    at WaitTask.rerun (C:\Users\skovvuri\Desktop\ota_automation\notification_banner\qa-workflowautomation\node_modules\puppeteer\src\common\DOMWorld.ts:841:31)
    at runMicrotasks (<anonymous>)
    at processTicksAndRejections (node:internal/process/task_queues:96:5) {
  originalMessage: ''
}
[2024-09-17T19:37:58.321] [ERROR] default - Unable to get element handle by xpath {} //div[@class='rdw-editor-main']
[2024-09-17T19:38:00.334] [INFO] default - In performAction
[2024-09-17T19:38:00.334] [INFO] default - In getElementHandleByXpath  //span[text()="Save"]//parent::button
[2024-09-17T19:38:00.335] [INFO] default - in if
[2024-09-17T19:38:00.337] [ERROR] default - Error: Protocol error (Runtime.callFunctionOn): Session closed. Most likely the page has been closed.
    at CDPSession.send (C:\Users\skovvuri\Desktop\ota_automation\notification_banner\qa-workflowautomation\node_modules\puppeteer\src\common\Connection.ts:286:9)
    at ExecutionContext._evaluateInternal (C:\Users\skovvuri\Desktop\ota_automation\notification_banner\qa-workflowautomation\node_modules\puppeteer\src\common\ExecutionContext.ts:254:44)
    at ExecutionContext.evaluateHandle (C:\Users\skovvuri\Desktop\ota_automation\notification_banner\qa-workflowautomation\node_modules\puppeteer\src\common\ExecutionContext.ts:193:17)
    at WaitTask.rerun (C:\Users\skovvuri\Desktop\ota_automation\notification_banner\qa-workflowautomation\node_modules\puppeteer\src\common\DOMWorld.ts:841:31)
[2024-09-17T19:38:00.338] [ERROR] default - Unable to get element handle by xpath {} //span[text()="Save"]//parent::button
