[2024-09-17T17:32:17.421] [INFO] default - Registering the reporter globally
[2024-09-17T17:32:28.105] [INFO] default - Before all
[2024-09-17T17:32:28.111] [INFO] default - global.env = ota_nb
[2024-09-17T17:32:28.149] [INFO] default - env = ota_nb
[2024-09-17T17:32:28.188] [INFO] default - Navigating to https://dailyregr.remoteaccess.view.com/
[2024-09-17T17:36:47.613] [INFO] default - Created custom screenshot  loginPage.png
[2024-09-17T17:36:47.827] [INFO] default - Navigating to using expect click
[2024-09-17T17:36:49.868] [INFO] default - Hit login
[2024-09-17T17:37:06.025] [INFO] default - Before Each 
[2024-09-17T17:37:06.032] [INFO] default - In givenAdminLoggedIn
[2024-09-17T17:37:09.693] [INFO] default - Created custom screenshot  givenAdminLoggedIn.png
[2024-09-17T17:37:09.709] [INFO] default - In performAction
[2024-09-17T17:37:09.712] [INFO] default - In getElementHandleByXpath  //aside//a[@href[contains(.,'orginfo')]]
[2024-09-17T17:37:09.714] [INFO] default - in if
[2024-09-17T17:37:10.971] [INFO] default - in click
[2024-09-17T17:37:14.745] [INFO] default - In performAction
[2024-09-17T17:37:14.748] [INFO] default - In getElementHandleByXpath  //div[@class='ant-collapse-item']//span[@aria-label='right']//*[name()='svg']
[2024-09-17T17:37:14.749] [INFO] default - in if
[2024-09-17T17:37:14.783] [INFO] default - in click
[2024-09-17T17:37:15.807] [INFO] default - After Each 
[2024-09-17T17:37:15.820] [INFO] default - After ALL
[2024-09-17T17:37:16.602] [INFO] default - Created custom screenshot  afterEach.png
[2024-09-17T17:37:17.651] [INFO] default - In performAction
[2024-09-17T17:37:17.653] [INFO] default - In getElementHandleByXpath  //div[text()="Notification Banner"]//parent::div//child::span[@class="anticon anticon-right ant-collapse-arrow"]//*[name()="svg"]
[2024-09-17T17:37:17.654] [INFO] default - in if
[2024-09-17T17:37:17.687] [INFO] default - in click
[2024-09-17T17:37:20.069] [INFO] default - In performAction
[2024-09-17T17:37:20.071] [INFO] default - In getElementHandleByXpath  //span[text()="Create Banner"]//parent::button[@type="button"]//span[@class="anticon anticon-plus"]
[2024-09-17T17:37:20.072] [INFO] default - in if
[2024-09-17T17:37:20.120] [INFO] default - in click
[2024-09-17T17:37:23.442] [INFO] default - In performAction
[2024-09-17T17:37:23.445] [INFO] default - In getElementHandleByXpath  //div[@class='rdw-editor-main']
[2024-09-17T17:37:23.445] [INFO] default - in if
[2024-09-17T17:37:23.480] [INFO] default - in click
[2024-09-17T17:37:29.610] [INFO] default - Ignorable exception, possibly have already logged out
[2024-09-17T17:37:29.613] [INFO] default - Error: Node is either not clickable or not an HTMLElement
    at ElementHandle.clickablePoint (C:\Users\skovvuri\Desktop\ota_automation\notification_banner\qa-workflowautomation\node_modules\puppeteer\src\common\JSHandle.ts:536:13)
    at runMicrotasks (<anonymous>)
    at processTicksAndRejections (node:internal/process/task_queues:96:5)
    at ElementHandle.click (C:\Users\skovvuri\Desktop\ota_automation\notification_banner\qa-workflowautomation\node_modules\puppeteer\src\common\JSHandle.ts:620:22)
    at DOMWorld.click (C:\Users\skovvuri\Desktop\ota_automation\notification_banner\qa-workflowautomation\node_modules\puppeteer\src\common\DOMWorld.ts:462:5)
    at Object.<anonymous> (C:\Users\skovvuri\Desktop\ota_automation\notification_banner\qa-workflowautomation\otae2e\test-specifications\otanotificationbanner.spec.js:51:21)
[2024-09-17T17:37:29.637] [INFO] default - Ending After all
