[2024-09-17T19:41:15.861] [INFO] default - Registering the reporter globally
[2024-09-17T19:41:20.242] [INFO] default - Before all
[2024-09-17T19:41:20.245] [INFO] default - global.env = ota_nb
[2024-09-17T19:41:20.265] [INFO] default - env = ota_nb
[2024-09-17T19:41:20.294] [INFO] default - Navigating to https://dailyregr.remoteaccess.view.com/
[2024-09-17T19:41:32.909] [INFO] default - Created custom screenshot  loginPage.png
[2024-09-17T19:41:33.164] [INFO] default - Navigating to using expect click
[2024-09-17T19:41:35.778] [INFO] default - Hit login
[2024-09-17T19:41:51.868] [INFO] default - Before Each 
[2024-09-17T19:41:51.872] [INFO] default - In givenAdminLoggedIn
[2024-09-17T19:41:53.192] [INFO] default - Created custom screenshot  givenAdminLoggedIn.png
[2024-09-17T19:41:53.198] [INFO] default - In performAction
[2024-09-17T19:41:53.198] [INFO] default - In getElementHandleByXpath  //aside//a[@href[contains(.,'orginfo')]]
[2024-09-17T19:41:53.199] [INFO] default - in if
[2024-09-17T19:41:53.633] [INFO] default - in click
[2024-09-17T19:41:55.971] [INFO] default - In performAction
[2024-09-17T19:41:55.974] [INFO] default - In getElementHandleByXpath  //div[@class='ant-collapse-item']//span[@aria-label='right']//*[name()='svg']
[2024-09-17T19:41:55.975] [INFO] default - in if
[2024-09-17T19:41:56.010] [INFO] default - in click
[2024-09-17T19:41:56.487] [INFO] default - After Each 
[2024-09-17T19:41:56.494] [INFO] default - After ALL
[2024-09-17T19:41:56.763] [INFO] default - Created custom screenshot  afterEach.png
[2024-09-17T19:41:58.355] [INFO] default - In performAction
[2024-09-17T19:41:58.356] [INFO] default - In getElementHandleByXpath  //div[text()="Notification Banner"]//parent::div//child::span[@class="anticon anticon-right ant-collapse-arrow"]//*[name()="svg"]
[2024-09-17T19:41:58.357] [INFO] default - in if
[2024-09-17T19:41:58.377] [INFO] default - in click
[2024-09-17T19:42:00.422] [INFO] default - In performAction
[2024-09-17T19:42:00.424] [INFO] default - In getElementHandleByXpath  //span[text()="Create Banner"]//parent::button[@type="button"]//span[@class="anticon anticon-plus"]
[2024-09-17T19:42:00.425] [INFO] default - in if
[2024-09-17T19:42:00.444] [INFO] default - in click
[2024-09-17T19:42:02.541] [INFO] default - In performAction
[2024-09-17T19:42:02.543] [INFO] default - In getElementHandleByXpath  //div[@class='rdw-editor-main']
[2024-09-17T19:42:02.544] [INFO] default - in if
[2024-09-17T19:42:02.579] [INFO] default - in click
[2024-09-17T19:42:04.624] [INFO] default - In performAction
[2024-09-17T19:42:04.625] [INFO] default - In getElementHandleByXpath  //div[@class='rdw-editor-main']
[2024-09-17T19:42:04.626] [INFO] default - in if
[2024-09-17T19:42:04.649] [INFO] default - in type 1 Hi This is a new Feature
[2024-09-17T19:42:07.272] [INFO] default - In performAction
[2024-09-17T19:42:07.275] [INFO] default - In getElementHandleByXpath  //span[text()="Save"]//parent::button
[2024-09-17T19:42:07.276] [INFO] default - in if
[2024-09-17T19:42:27.205] [INFO] default - Ending After all
[2024-09-17T19:42:27.313] [ERROR] default - ProtocolError: Protocol error (Runtime.callFunctionOn): Target closed.
    at C:\Users\skovvuri\Desktop\ota_automation\notification_banner\qa-workflowautomation\node_modules\puppeteer\src\common\Connection.ts:304:16
    at new Promise (<anonymous>)
    at CDPSession.send (C:\Users\skovvuri\Desktop\ota_automation\notification_banner\qa-workflowautomation\node_modules\puppeteer\src\common\Connection.ts:300:12)
    at ExecutionContext._evaluateInternal (C:\Users\skovvuri\Desktop\ota_automation\notification_banner\qa-workflowautomation\node_modules\puppeteer\src\common\ExecutionContext.ts:254:44)
    at ExecutionContext.evaluateHandle (C:\Users\skovvuri\Desktop\ota_automation\notification_banner\qa-workflowautomation\node_modules\puppeteer\src\common\ExecutionContext.ts:193:17)
    at WaitTask.rerun (C:\Users\skovvuri\Desktop\ota_automation\notification_banner\qa-workflowautomation\node_modules\puppeteer\src\common\DOMWorld.ts:841:31)
    at runMicrotasks (<anonymous>)
    at processTicksAndRejections (node:internal/process/task_queues:96:5) {
  originalMessage: ''
}
[2024-09-17T19:42:27.320] [ERROR] default - Unable to get element handle by xpath {} //span[text()="Save"]//parent::button
[2024-09-17T19:42:29.324] [INFO] default - In performAction
[2024-09-17T19:42:29.325] [INFO] default - In getElementHandleByXpath  //label[@class="email-switch-label"]
[2024-09-17T19:42:29.325] [INFO] default - in if
[2024-09-17T19:42:29.328] [ERROR] default - Error: Protocol error (Runtime.callFunctionOn): Session closed. Most likely the page has been closed.
    at CDPSession.send (C:\Users\skovvuri\Desktop\ota_automation\notification_banner\qa-workflowautomation\node_modules\puppeteer\src\common\Connection.ts:286:9)
    at ExecutionContext._evaluateInternal (C:\Users\skovvuri\Desktop\ota_automation\notification_banner\qa-workflowautomation\node_modules\puppeteer\src\common\ExecutionContext.ts:254:44)
    at ExecutionContext.evaluateHandle (C:\Users\skovvuri\Desktop\ota_automation\notification_banner\qa-workflowautomation\node_modules\puppeteer\src\common\ExecutionContext.ts:193:17)
    at WaitTask.rerun (C:\Users\skovvuri\Desktop\ota_automation\notification_banner\qa-workflowautomation\node_modules\puppeteer\src\common\DOMWorld.ts:841:31)
[2024-09-17T19:42:29.329] [ERROR] default - Unable to get element handle by xpath {} //label[@class="email-switch-label"]
[2024-09-17T19:42:31.337] [INFO] default - In performAction
[2024-09-17T19:42:31.338] [INFO] default - In getElementHandleByXpath  //aside//a[@href[starts-with(.,'/dashboard')]]
[2024-09-17T19:42:31.338] [INFO] default - in if
[2024-09-17T19:42:31.339] [ERROR] default - Error: Protocol error (Runtime.callFunctionOn): Session closed. Most likely the page has been closed.
    at CDPSession.send (C:\Users\skovvuri\Desktop\ota_automation\notification_banner\qa-workflowautomation\node_modules\puppeteer\src\common\Connection.ts:286:9)
    at ExecutionContext._evaluateInternal (C:\Users\skovvuri\Desktop\ota_automation\notification_banner\qa-workflowautomation\node_modules\puppeteer\src\common\ExecutionContext.ts:254:44)
    at ExecutionContext.evaluateHandle (C:\Users\skovvuri\Desktop\ota_automation\notification_banner\qa-workflowautomation\node_modules\puppeteer\src\common\ExecutionContext.ts:193:17)
    at WaitTask.rerun (C:\Users\skovvuri\Desktop\ota_automation\notification_banner\qa-workflowautomation\node_modules\puppeteer\src\common\DOMWorld.ts:841:31)
[2024-09-17T19:42:31.341] [ERROR] default - Unable to get element handle by xpath {} //aside//a[@href[starts-with(.,'/dashboard')]]
