[2024-09-17T17:26:12.134] [INFO] default - Registering the reporter globally
[2024-09-17T17:26:19.652] [INFO] default - Before all
[2024-09-17T17:26:19.658] [INFO] default - global.env = ota_nb
[2024-09-17T17:26:19.688] [INFO] default - env = ota_nb
[2024-09-17T17:26:19.735] [INFO] default - Navigating to https://dailyregr.remoteaccess.view.com/
[2024-09-17T17:26:27.280] [INFO] default - Created custom screenshot  loginPage.png
[2024-09-17T17:26:27.553] [INFO] default - Navigating to using expect click
[2024-09-17T17:26:29.626] [INFO] default - Hit login
[2024-09-17T17:26:45.596] [ERROR] default - [ProtocolError: Element svg[type="user-circle"] not found
Protocol error (Runtime.callFunctionOn): Target closed.] {
  originalMessage: ''
}
[2024-09-17T17:26:45.604] [INFO] default - Before Each 
[2024-09-17T17:26:45.607] [INFO] default - In givenAdminLoggedIn
[2024-09-17T17:26:45.615] [INFO] default - After Each 
[2024-09-17T17:26:45.624] [INFO] default - After ALL
[2024-09-17T17:26:45.628] [INFO] default - Ignorable exception, possibly have already logged out
[2024-09-17T17:26:45.629] [INFO] default - Error: Protocol error (Runtime.evaluate): Session closed. Most likely the page has been closed.
    at CDPSession.send (C:\Users\skovvuri\Desktop\ota_automation\notification_banner\qa-workflowautomation\node_modules\puppeteer\src\common\Connection.ts:286:9)
    at ExecutionContext._evaluateInternal (C:\Users\skovvuri\Desktop\ota_automation\notification_banner\qa-workflowautomation\node_modules\puppeteer\src\common\ExecutionContext.ts:211:10)
    at ExecutionContext.evaluateHandle (C:\Users\skovvuri\Desktop\ota_automation\notification_banner\qa-workflowautomation\node_modules\puppeteer\src\common\ExecutionContext.ts:193:17)
    at C:\Users\skovvuri\Desktop\ota_automation\notification_banner\qa-workflowautomation\node_modules\puppeteer\src\common\DOMWorld.ts:191:38
    at processTicksAndRejections (node:internal/process/task_queues:96:5)
[2024-09-17T17:26:45.633] [ERROR] default - TypeError: Cannot read properties of undefined (reading 'detach')
    at PuppeteerHar.stop (C:\Users\skovvuri\Desktop\ota_automation\notification_banner\qa-workflowautomation\node_modules\puppeteer-har\lib\PuppeteerHar.js:108:27)
    at processTicksAndRejections (node:internal/process/task_queues:96:5)
    at Object.<anonymous> (C:\Users\skovvuri\Desktop\ota_automation\notification_banner\qa-workflowautomation\otae2e\test-specifications\otanotificationbanner.spec.js:64:13)
[2024-09-17T17:26:56.239] [INFO] default - Registering the reporter globally
[2024-09-17T17:26:59.047] [INFO] default - Before all
[2024-09-17T17:26:59.049] [INFO] default - global.env = ota_nb
[2024-09-17T17:26:59.078] [INFO] default - env = ota_nb
[2024-09-17T17:26:59.221] [INFO] default - Navigating to https://dailyregr.remoteaccess.view.com/
[2024-09-17T17:27:06.755] [INFO] default - Created custom screenshot  loginPage.png
[2024-09-17T17:27:07.029] [INFO] default - Navigating to using expect click
[2024-09-17T17:27:10.237] [INFO] default - Hit login
[2024-09-17T17:27:26.368] [INFO] default - Before Each 
[2024-09-17T17:27:26.376] [INFO] default - In givenAdminLoggedIn
[2024-09-17T17:27:27.815] [INFO] default - Created custom screenshot  givenAdminLoggedIn.png
[2024-09-17T17:27:27.821] [INFO] default - In performAction
[2024-09-17T17:27:27.821] [INFO] default - In getElementHandleByXpath  //aside//a[@href[contains(.,'orginfo')]]
[2024-09-17T17:27:27.822] [INFO] default - in if
[2024-09-17T17:27:28.200] [INFO] default - in click
[2024-09-17T17:27:30.538] [INFO] default - In performAction
[2024-09-17T17:27:30.542] [INFO] default - In getElementHandleByXpath  //div[@class='ant-collapse-item']//span[@aria-label='right']//*[name()='svg']
[2024-09-17T17:27:30.542] [INFO] default - in if
[2024-09-17T17:27:30.587] [INFO] default - in click
[2024-09-17T17:27:31.056] [INFO] default - After Each 
[2024-09-17T17:27:31.067] [INFO] default - After ALL
[2024-09-17T17:27:31.470] [INFO] default - Created custom screenshot  afterEach.png
[2024-09-17T17:27:32.863] [INFO] default - In performAction
[2024-09-17T17:27:32.866] [INFO] default - In getElementHandleByXpath  //div[text()="Notification Banner"]//parent::div//child::span[@class="anticon anticon-right ant-collapse-arrow"]//*[name()="svg"]
[2024-09-17T17:27:32.867] [INFO] default - in if
[2024-09-17T17:27:32.901] [INFO] default - in click
[2024-09-17T17:27:34.974] [INFO] default - In performAction
[2024-09-17T17:27:34.978] [INFO] default - In getElementHandleByXpath  //span[text()="Create Banner"]//parent::button[@type="button"]//span[@class="anticon anticon-plus"]
[2024-09-17T17:27:34.979] [INFO] default - in if
[2024-09-17T17:27:35.015] [INFO] default - in click
[2024-09-17T17:28:01.902] [INFO] default - Ending After all
