[2024-09-17T18:57:33.163] [INFO] default - Registering the reporter globally
[2024-09-17T18:57:40.055] [INFO] default - Before all
[2024-09-17T18:57:40.060] [INFO] default - global.env = ota_nb
[2024-09-17T18:57:40.117] [INFO] default - env = ota_nb
[2024-09-17T18:57:40.201] [INFO] default - Navigating to https://dailyregr.remoteaccess.view.com/
[2024-09-17T18:57:54.778] [INFO] default - Created custom screenshot  loginPage.png
[2024-09-17T18:57:55.233] [INFO] default - Navigating to using expect click
[2024-09-17T18:57:58.620] [INFO] default - Hit login
[2024-09-17T18:58:14.758] [INFO] default - Before Each 
[2024-09-17T18:58:14.765] [INFO] default - In givenAdminLoggedIn
[2024-09-17T18:58:16.330] [INFO] default - Created custom screenshot  givenAdminLoggedIn.png
[2024-09-17T18:58:16.341] [INFO] default - In performAction
[2024-09-17T18:58:16.343] [INFO] default - In getElementHandleByXpath  //aside//a[@href[contains(.,'orginfo')]]
[2024-09-17T18:58:16.344] [INFO] default - in if
[2024-09-17T18:58:16.803] [INFO] default - in click
[2024-09-17T18:58:19.426] [INFO] default - In performAction
[2024-09-17T18:58:19.429] [INFO] default - In getElementHandleByXpath  //div[@class='ant-collapse-item']//span[@aria-label='right']//*[name()='svg']
[2024-09-17T18:58:19.430] [INFO] default - in if
[2024-09-17T18:58:19.472] [INFO] default - in click
[2024-09-17T18:58:20.886] [INFO] default - After Each 
[2024-09-17T18:58:20.899] [INFO] default - After ALL
[2024-09-17T18:58:22.782] [INFO] default - In performAction
[2024-09-17T18:58:22.785] [INFO] default - In getElementHandleByXpath  //div[text()="Notification Banner"]//parent::div//child::span[@class="anticon anticon-right ant-collapse-arrow"]//*[name()="svg"]
[2024-09-17T18:58:22.786] [INFO] default - in if
[2024-09-17T18:58:22.828] [INFO] default - in click
[2024-09-17T18:58:24.623] [INFO] default - Created custom screenshot  afterEach.png
[2024-09-17T18:58:26.628] [INFO] default - In performAction
[2024-09-17T18:58:26.632] [INFO] default - In getElementHandleByXpath  //span[text()="Create Banner"]//parent::button[@type="button"]//span[@class="anticon anticon-plus"]
[2024-09-17T18:58:26.633] [INFO] default - in if
[2024-09-17T18:58:26.677] [INFO] default - in click
[2024-09-17T18:58:28.799] [INFO] default - In performAction
[2024-09-17T18:58:28.801] [INFO] default - In getElementHandleByXpath  //div[@class='rdw-editor-main']
[2024-09-17T18:58:28.803] [INFO] default - in if
[2024-09-17T18:58:28.846] [INFO] default - in click
[2024-09-17T18:58:30.880] [INFO] default - In performAction
[2024-09-17T18:58:30.883] [INFO] default - In getElementHandleByXpath  //div[@class='rdw-editor-main']
[2024-09-17T18:58:30.884] [INFO] default - in if
[2024-09-17T18:58:30.920] [INFO] default - in type 1 Hi This is a new Feature
[2024-09-17T18:58:33.574] [INFO] default - In performAction
[2024-09-17T18:58:33.577] [INFO] default - In getElementHandleByXpath  //span[text()="Save"]//parent::button
[2024-09-17T18:58:33.577] [INFO] default - in if
[2024-09-17T18:58:52.987] [INFO] default - Ending After all
[2024-09-17T18:58:53.099] [ERROR] default - ProtocolError: Protocol error (Runtime.callFunctionOn): Target closed.
    at C:\Users\skovvuri\Desktop\ota_automation\notification_banner\qa-workflowautomation\node_modules\puppeteer\src\common\Connection.ts:304:16
    at new Promise (<anonymous>)
    at CDPSession.send (C:\Users\skovvuri\Desktop\ota_automation\notification_banner\qa-workflowautomation\node_modules\puppeteer\src\common\Connection.ts:300:12)
    at ExecutionContext._evaluateInternal (C:\Users\skovvuri\Desktop\ota_automation\notification_banner\qa-workflowautomation\node_modules\puppeteer\src\common\ExecutionContext.ts:254:44)
    at ExecutionContext.evaluateHandle (C:\Users\skovvuri\Desktop\ota_automation\notification_banner\qa-workflowautomation\node_modules\puppeteer\src\common\ExecutionContext.ts:193:17)
    at WaitTask.rerun (C:\Users\skovvuri\Desktop\ota_automation\notification_banner\qa-workflowautomation\node_modules\puppeteer\src\common\DOMWorld.ts:841:31)
    at runMicrotasks (<anonymous>)
    at processTicksAndRejections (node:internal/process/task_queues:96:5) {
  originalMessage: ''
}
[2024-09-17T18:58:53.104] [ERROR] default - Unable to get element handle by xpath {} //span[text()="Save"]//parent::button
[2024-09-17T18:58:55.121] [INFO] default - In performAction
[2024-09-17T18:58:55.122] [INFO] default - In getElementHandleByXpath  //label[@class="email-switch-label"]
[2024-09-17T18:58:55.122] [INFO] default - in if
[2024-09-17T18:58:55.125] [ERROR] default - Error: Protocol error (Runtime.callFunctionOn): Session closed. Most likely the page has been closed.
    at CDPSession.send (C:\Users\skovvuri\Desktop\ota_automation\notification_banner\qa-workflowautomation\node_modules\puppeteer\src\common\Connection.ts:286:9)
    at ExecutionContext._evaluateInternal (C:\Users\skovvuri\Desktop\ota_automation\notification_banner\qa-workflowautomation\node_modules\puppeteer\src\common\ExecutionContext.ts:254:44)
    at ExecutionContext.evaluateHandle (C:\Users\skovvuri\Desktop\ota_automation\notification_banner\qa-workflowautomation\node_modules\puppeteer\src\common\ExecutionContext.ts:193:17)
    at WaitTask.rerun (C:\Users\skovvuri\Desktop\ota_automation\notification_banner\qa-workflowautomation\node_modules\puppeteer\src\common\DOMWorld.ts:841:31)
[2024-09-17T18:58:55.126] [ERROR] default - Unable to get element handle by xpath {} //label[@class="email-switch-label"]
[2024-09-17T18:58:57.128] [INFO] default - In performAction
[2024-09-17T18:58:57.129] [INFO] default - In getElementHandleByXpath  //aside//a[@href[starts-with(.,'/dashboard')]]
[2024-09-17T18:58:57.129] [INFO] default - in if
[2024-09-17T18:58:57.130] [ERROR] default - Error: Protocol error (Runtime.callFunctionOn): Session closed. Most likely the page has been closed.
    at CDPSession.send (C:\Users\skovvuri\Desktop\ota_automation\notification_banner\qa-workflowautomation\node_modules\puppeteer\src\common\Connection.ts:286:9)
    at ExecutionContext._evaluateInternal (C:\Users\skovvuri\Desktop\ota_automation\notification_banner\qa-workflowautomation\node_modules\puppeteer\src\common\ExecutionContext.ts:254:44)
    at ExecutionContext.evaluateHandle (C:\Users\skovvuri\Desktop\ota_automation\notification_banner\qa-workflowautomation\node_modules\puppeteer\src\common\ExecutionContext.ts:193:17)
    at WaitTask.rerun (C:\Users\skovvuri\Desktop\ota_automation\notification_banner\qa-workflowautomation\node_modules\puppeteer\src\common\DOMWorld.ts:841:31)
[2024-09-17T18:58:57.132] [ERROR] default - Unable to get element handle by xpath {} //aside//a[@href[starts-with(.,'/dashboard')]]
