[2024-09-18T14:15:53.795] [INFO] default - Registering the reporter globally
[2024-09-18T14:16:00.361] [INFO] default - Before all
[2024-09-18T14:16:00.367] [INFO] default - global.env = ota_nb
[2024-09-18T14:16:00.383] [INFO] default - env = ota_nb
[2024-09-18T14:16:00.418] [INFO] default - Navigating to https://dailyregr.remoteaccess.view.com/
[2024-09-18T14:16:30.469] [INFO] default - Created custom screenshot  loginPage.png
[2024-09-18T14:16:30.711] [INFO] default - Navigating to using expect click
[2024-09-18T14:16:33.724] [INFO] default - Hit login
[2024-09-18T14:16:49.819] [INFO] default - Before Each 
[2024-09-18T14:16:49.823] [INFO] default - In givenAdminLoggedIn
[2024-09-18T14:16:50.711] [INFO] default - Created custom screenshot  givenAdminLoggedIn.png
[2024-09-18T14:16:50.723] [INFO] default - In performAction
[2024-09-18T14:16:50.724] [INFO] default - In getElementHandleByXpath  //aside//a[@href[contains(.,'orginfo')]]
[2024-09-18T14:16:50.725] [INFO] default - in if
[2024-09-18T14:16:50.756] [INFO] default - in click
[2024-09-18T14:16:53.163] [INFO] default - In performAction
[2024-09-18T14:16:53.165] [INFO] default - In getElementHandleByXpath  //div[@class='ant-collapse-item']//span[@aria-label='right']//*[name()='svg']
[2024-09-18T14:16:53.165] [INFO] default - in if
[2024-09-18T14:16:53.183] [INFO] default - in click
[2024-09-18T14:16:53.801] [INFO] default - After Each 
[2024-09-18T14:16:53.808] [INFO] default - After ALL
[2024-09-18T14:16:54.122] [INFO] default - Created custom screenshot  afterEach.png
[2024-09-18T14:16:55.752] [INFO] default - In performAction
[2024-09-18T14:16:55.755] [INFO] default - In getElementHandleByXpath  //div[text()="Notification Banner"]//parent::div//child::span[@class="anticon anticon-right ant-collapse-arrow"]//*[name()="svg"]
[2024-09-18T14:16:55.756] [INFO] default - in if
[2024-09-18T14:16:55.795] [INFO] default - in click
[2024-09-18T14:16:57.851] [INFO] default - In performAction
[2024-09-18T14:16:57.853] [INFO] default - In getElementHandleByXpath  //span[text()="Create Banner"]//parent::button[@type="button"]//span[@class="anticon anticon-plus"]
[2024-09-18T14:16:57.853] [INFO] default - in if
[2024-09-18T14:16:57.881] [INFO] default - in click
[2024-09-18T14:16:59.998] [INFO] default - In performAction
[2024-09-18T14:17:00.001] [INFO] default - In getElementHandleByXpath  //div[@class='rdw-editor-main']
[2024-09-18T14:17:00.002] [INFO] default - in if
[2024-09-18T14:17:00.040] [INFO] default - in click
[2024-09-18T14:17:02.079] [INFO] default - In performAction
[2024-09-18T14:17:02.081] [INFO] default - In getElementHandleByXpath  //div[@class='rdw-editor-main']
[2024-09-18T14:17:02.082] [INFO] default - in if
[2024-09-18T14:17:02.113] [INFO] default - in type 1 Hi This is a new Feature
[2024-09-18T14:17:04.786] [INFO] default - In performAction
[2024-09-18T14:17:04.789] [INFO] default - In getElementHandleByXpath  //span[text()="Save"]//parent::button
[2024-09-18T14:17:04.790] [INFO] default - in if
[2024-09-18T14:17:24.576] [INFO] default - Ending After all
[2024-09-18T14:17:24.692] [ERROR] default - ProtocolError: Protocol error (Runtime.callFunctionOn): Target closed.
    at C:\Users\skovvuri\Desktop\ota_automation\notification_banner\qa-workflowautomation\node_modules\puppeteer\src\common\Connection.ts:304:16
    at new Promise (<anonymous>)
    at CDPSession.send (C:\Users\skovvuri\Desktop\ota_automation\notification_banner\qa-workflowautomation\node_modules\puppeteer\src\common\Connection.ts:300:12)
    at ExecutionContext._evaluateInternal (C:\Users\skovvuri\Desktop\ota_automation\notification_banner\qa-workflowautomation\node_modules\puppeteer\src\common\ExecutionContext.ts:254:44)
    at ExecutionContext.evaluateHandle (C:\Users\skovvuri\Desktop\ota_automation\notification_banner\qa-workflowautomation\node_modules\puppeteer\src\common\ExecutionContext.ts:193:17)
    at WaitTask.rerun (C:\Users\skovvuri\Desktop\ota_automation\notification_banner\qa-workflowautomation\node_modules\puppeteer\src\common\DOMWorld.ts:841:31)
    at runMicrotasks (<anonymous>)
    at processTicksAndRejections (node:internal/process/task_queues:96:5) {
  originalMessage: ''
}
[2024-09-18T14:17:24.701] [ERROR] default - Unable to get element handle by xpath {} //span[text()="Save"]//parent::button
[2024-09-18T14:17:26.711] [INFO] default - In performAction
[2024-09-18T14:17:26.712] [INFO] default - In getElementHandleByXpath  //label[@class="email-switch-label"]
[2024-09-18T14:17:26.712] [INFO] default - in if
[2024-09-18T14:17:26.714] [ERROR] default - Error: Protocol error (Runtime.callFunctionOn): Session closed. Most likely the page has been closed.
    at CDPSession.send (C:\Users\skovvuri\Desktop\ota_automation\notification_banner\qa-workflowautomation\node_modules\puppeteer\src\common\Connection.ts:286:9)
    at ExecutionContext._evaluateInternal (C:\Users\skovvuri\Desktop\ota_automation\notification_banner\qa-workflowautomation\node_modules\puppeteer\src\common\ExecutionContext.ts:254:44)
    at ExecutionContext.evaluateHandle (C:\Users\skovvuri\Desktop\ota_automation\notification_banner\qa-workflowautomation\node_modules\puppeteer\src\common\ExecutionContext.ts:193:17)
    at WaitTask.rerun (C:\Users\skovvuri\Desktop\ota_automation\notification_banner\qa-workflowautomation\node_modules\puppeteer\src\common\DOMWorld.ts:841:31)
[2024-09-18T14:17:26.715] [ERROR] default - Unable to get element handle by xpath {} //label[@class="email-switch-label"]
[2024-09-18T14:17:28.719] [INFO] default - In performAction
[2024-09-18T14:17:28.720] [INFO] default - In getElementHandleByXpath  //aside//a[@href[starts-with(.,'/dashboard')]]
[2024-09-18T14:17:28.720] [INFO] default - in if
[2024-09-18T14:17:28.722] [ERROR] default - Error: Protocol error (Runtime.callFunctionOn): Session closed. Most likely the page has been closed.
    at CDPSession.send (C:\Users\skovvuri\Desktop\ota_automation\notification_banner\qa-workflowautomation\node_modules\puppeteer\src\common\Connection.ts:286:9)
    at ExecutionContext._evaluateInternal (C:\Users\skovvuri\Desktop\ota_automation\notification_banner\qa-workflowautomation\node_modules\puppeteer\src\common\ExecutionContext.ts:254:44)
    at ExecutionContext.evaluateHandle (C:\Users\skovvuri\Desktop\ota_automation\notification_banner\qa-workflowautomation\node_modules\puppeteer\src\common\ExecutionContext.ts:193:17)
    at WaitTask.rerun (C:\Users\skovvuri\Desktop\ota_automation\notification_banner\qa-workflowautomation\node_modules\puppeteer\src\common\DOMWorld.ts:841:31)
[2024-09-18T14:17:28.724] [ERROR] default - Unable to get element handle by xpath {} //aside//a[@href[starts-with(.,'/dashboard')]]
