[2024-09-18T14:18:44.499] [INFO] default - Registering the reporter globally
[2024-09-18T14:18:55.486] [INFO] default - Before all
[2024-09-18T14:18:55.495] [INFO] default - global.env = ota_nb
[2024-09-18T14:18:55.538] [INFO] default - env = ota_nb
[2024-09-18T14:18:55.590] [INFO] default - Navigating to https://dailyregr.remoteaccess.view.com/
[2024-09-18T14:19:13.681] [INFO] default - Created custom screenshot  loginPage.png
[2024-09-18T14:19:14.057] [INFO] default - Navigating to using expect click
[2024-09-18T14:19:17.701] [INFO] default - Hit login
[2024-09-18T14:19:33.857] [INFO] default - Before Each 
[2024-09-18T14:19:33.862] [INFO] default - In givenAdminLoggedIn
[2024-09-18T14:19:36.746] [INFO] default - Created custom screenshot  givenAdminLoggedIn.png
[2024-09-18T14:19:36.753] [INFO] default - In performAction
[2024-09-18T14:19:36.771] [INFO] default - In getElementHandleByXpath  //aside//a[@href[contains(.,'orginfo')]]
[2024-09-18T14:19:36.777] [INFO] default - in if
[2024-09-18T14:19:37.601] [INFO] default - in click
[2024-09-18T14:19:40.257] [INFO] default - In performAction
[2024-09-18T14:19:40.261] [INFO] default - In getElementHandleByXpath  //div[@class='ant-collapse-item']//span[@aria-label='right']//*[name()='svg']
[2024-09-18T14:19:40.263] [INFO] default - in if
[2024-09-18T14:19:40.319] [INFO] default - in click
[2024-09-18T14:19:41.307] [INFO] default - After Each 
[2024-09-18T14:19:41.318] [INFO] default - After ALL
[2024-09-18T14:19:42.012] [INFO] default - Created custom screenshot  afterEach.png
[2024-09-18T14:19:43.166] [INFO] default - In performAction
[2024-09-18T14:19:43.170] [INFO] default - In getElementHandleByXpath  //div[text()="Notification Banner"]//parent::div//child::span[@class="anticon anticon-right ant-collapse-arrow"]//*[name()="svg"]
[2024-09-18T14:19:43.171] [INFO] default - in if
[2024-09-18T14:19:43.277] [INFO] default - in click
[2024-09-18T14:19:45.317] [INFO] default - In performAction
[2024-09-18T14:19:45.319] [INFO] default - In getElementHandleByXpath  //span[text()="Create Banner"]//parent::button[@type="button"]//span[@class="anticon anticon-plus"]
[2024-09-18T14:19:45.320] [INFO] default - in if
[2024-09-18T14:19:45.350] [INFO] default - in click
[2024-09-18T14:19:47.455] [INFO] default - In performAction
[2024-09-18T14:19:47.457] [INFO] default - In getElementHandleByXpath  //div[@class='rdw-editor-main']
[2024-09-18T14:19:47.457] [INFO] default - in if
[2024-09-18T14:19:47.478] [INFO] default - in click
[2024-09-18T14:20:49.443] [INFO] default - In performAction
[2024-09-18T14:20:49.446] [INFO] default - In getElementHandleByXpath  //div[@class='rdw-editor-main']
[2024-09-18T14:20:49.447] [INFO] default - in if
[2024-09-18T14:20:49.691] [INFO] default - in type 1 Hi This is a new Feature
[2024-09-18T14:22:50.285] [INFO] default - In performAction
[2024-09-18T14:22:50.289] [INFO] default - In getElementHandleByXpath  //span[text()="Save"]//parent::button
[2024-09-18T14:22:50.290] [INFO] default - in if
[2024-09-18T14:23:04.294] [INFO] default - Ending After all
[2024-09-18T14:23:04.399] [ERROR] default - ProtocolError: Protocol error (Runtime.callFunctionOn): Target closed.
    at C:\Users\skovvuri\Desktop\ota_automation\notification_banner\qa-workflowautomation\node_modules\puppeteer\src\common\Connection.ts:304:16
    at new Promise (<anonymous>)
    at CDPSession.send (C:\Users\skovvuri\Desktop\ota_automation\notification_banner\qa-workflowautomation\node_modules\puppeteer\src\common\Connection.ts:300:12)
    at ExecutionContext._evaluateInternal (C:\Users\skovvuri\Desktop\ota_automation\notification_banner\qa-workflowautomation\node_modules\puppeteer\src\common\ExecutionContext.ts:254:44)
    at ExecutionContext.evaluateHandle (C:\Users\skovvuri\Desktop\ota_automation\notification_banner\qa-workflowautomation\node_modules\puppeteer\src\common\ExecutionContext.ts:193:17)
    at WaitTask.rerun (C:\Users\skovvuri\Desktop\ota_automation\notification_banner\qa-workflowautomation\node_modules\puppeteer\src\common\DOMWorld.ts:841:31)
    at runNextTicks (node:internal/process/task_queues:61:5)
    at processTimers (node:internal/timers:499:9) {
  originalMessage: ''
}
[2024-09-18T14:23:04.407] [ERROR] default - Unable to get element handle by xpath {} //span[text()="Save"]//parent::button
[2024-09-18T14:23:06.415] [INFO] default - In performAction
[2024-09-18T14:23:06.417] [INFO] default - In getElementHandleByXpath  //label[@class="email-switch-label"]
[2024-09-18T14:23:06.418] [INFO] default - in if
[2024-09-18T14:23:06.422] [ERROR] default - Error: Protocol error (Runtime.callFunctionOn): Session closed. Most likely the page has been closed.
    at CDPSession.send (C:\Users\skovvuri\Desktop\ota_automation\notification_banner\qa-workflowautomation\node_modules\puppeteer\src\common\Connection.ts:286:9)
    at ExecutionContext._evaluateInternal (C:\Users\skovvuri\Desktop\ota_automation\notification_banner\qa-workflowautomation\node_modules\puppeteer\src\common\ExecutionContext.ts:254:44)
    at ExecutionContext.evaluateHandle (C:\Users\skovvuri\Desktop\ota_automation\notification_banner\qa-workflowautomation\node_modules\puppeteer\src\common\ExecutionContext.ts:193:17)
    at WaitTask.rerun (C:\Users\skovvuri\Desktop\ota_automation\notification_banner\qa-workflowautomation\node_modules\puppeteer\src\common\DOMWorld.ts:841:31)
[2024-09-18T14:23:06.425] [ERROR] default - Unable to get element handle by xpath {} //label[@class="email-switch-label"]
[2024-09-18T14:23:08.434] [INFO] default - In performAction
[2024-09-18T14:23:08.436] [INFO] default - In getElementHandleByXpath  //aside//a[@href[starts-with(.,'/dashboard')]]
[2024-09-18T14:23:08.436] [INFO] default - in if
[2024-09-18T14:23:08.440] [ERROR] default - Error: Protocol error (Runtime.callFunctionOn): Session closed. Most likely the page has been closed.
    at CDPSession.send (C:\Users\skovvuri\Desktop\ota_automation\notification_banner\qa-workflowautomation\node_modules\puppeteer\src\common\Connection.ts:286:9)
    at ExecutionContext._evaluateInternal (C:\Users\skovvuri\Desktop\ota_automation\notification_banner\qa-workflowautomation\node_modules\puppeteer\src\common\ExecutionContext.ts:254:44)
    at ExecutionContext.evaluateHandle (C:\Users\skovvuri\Desktop\ota_automation\notification_banner\qa-workflowautomation\node_modules\puppeteer\src\common\ExecutionContext.ts:193:17)
    at WaitTask.rerun (C:\Users\skovvuri\Desktop\ota_automation\notification_banner\qa-workflowautomation\node_modules\puppeteer\src\common\DOMWorld.ts:841:31)
[2024-09-18T14:23:08.443] [ERROR] default - Unable to get element handle by xpath {} //aside//a[@href[starts-with(.,'/dashboard')]]
