[2024-09-18T14:24:50.147] [INFO] default - Registering the reporter globally
[2024-09-18T14:25:00.833] [INFO] default - Before all
[2024-09-18T14:25:00.841] [INFO] default - global.env = ota_nb
[2024-09-18T14:25:00.896] [INFO] default - env = ota_nb
[2024-09-18T14:25:00.951] [INFO] default - Navigating to https://dailyregr.remoteaccess.view.com/
[2024-09-18T14:25:08.824] [INFO] default - Created custom screenshot  loginPage.png
[2024-09-18T14:25:09.143] [INFO] default - Navigating to using expect click
[2024-09-18T14:25:11.227] [INFO] default - Hit login
[2024-09-18T14:25:27.363] [INFO] default - Before Each 
[2024-09-18T14:25:27.371] [INFO] default - In givenAdminLoggedIn
[2024-09-18T14:25:28.978] [INFO] default - Created custom screenshot  givenAdminLoggedIn.png
[2024-09-18T14:25:28.988] [INFO] default - In performAction
[2024-09-18T14:25:28.992] [INFO] default - In getElementHandleByXpath  //aside//a[@href[contains(.,'orginfo')]]
[2024-09-18T14:25:28.992] [INFO] default - in if
[2024-09-18T14:25:29.441] [INFO] default - in click
[2024-09-18T14:25:31.856] [INFO] default - In performAction
[2024-09-18T14:25:31.861] [INFO] default - In getElementHandleByXpath  //div[@class='ant-collapse-item']//span[@aria-label='right']//*[name()='svg']
[2024-09-18T14:25:31.862] [INFO] default - in if
[2024-09-18T14:25:31.895] [INFO] default - in click
[2024-09-18T14:25:32.636] [INFO] default - After Each 
[2024-09-18T14:25:32.648] [INFO] default - After ALL
[2024-09-18T14:25:33.036] [INFO] default - Created custom screenshot  afterEach.png
[2024-09-18T14:25:34.539] [INFO] default - In performAction
[2024-09-18T14:25:34.543] [INFO] default - In getElementHandleByXpath  //div[text()="Notification Banner"]//parent::div//child::span[@class="anticon anticon-right ant-collapse-arrow"]//*[name()="svg"]
[2024-09-18T14:25:34.544] [INFO] default - in if
[2024-09-18T14:25:34.596] [INFO] default - in click
[2024-09-18T14:25:36.646] [INFO] default - In performAction
[2024-09-18T14:25:36.650] [INFO] default - In getElementHandleByXpath  //span[text()="Create Banner"]//parent::button[@type="button"]//span[@class="anticon anticon-plus"]
[2024-09-18T14:25:36.651] [INFO] default - in if
[2024-09-18T14:25:36.695] [INFO] default - in click
[2024-09-18T14:25:38.806] [INFO] default - In performAction
[2024-09-18T14:25:38.809] [INFO] default - In getElementHandleByXpath  //div[@class='rdw-editor-main']
[2024-09-18T14:25:38.810] [INFO] default - in if
[2024-09-18T14:25:38.851] [INFO] default - in click
[2024-09-18T14:25:40.906] [INFO] default - In performAction
[2024-09-18T14:25:40.909] [INFO] default - In getElementHandleByXpath  //div[@class='rdw-editor-main']
[2024-09-18T14:25:40.910] [INFO] default - in if
[2024-09-18T14:25:40.942] [INFO] default - in type 1 Hi This is a new Feature
[2024-09-18T14:25:43.487] [INFO] default - In performAction
[2024-09-18T14:25:43.491] [INFO] default - In getElementHandleByXpath  //span[text()="Save"]//parent::button
[2024-09-18T14:25:43.492] [INFO] default - in if
[2024-09-18T14:26:03.524] [INFO] default - Ending After all
[2024-09-18T14:26:03.635] [ERROR] default - ProtocolError: Protocol error (Runtime.callFunctionOn): Target closed.
    at C:\Users\skovvuri\Desktop\ota_automation\notification_banner\qa-workflowautomation\node_modules\puppeteer\src\common\Connection.ts:304:16
    at new Promise (<anonymous>)
    at CDPSession.send (C:\Users\skovvuri\Desktop\ota_automation\notification_banner\qa-workflowautomation\node_modules\puppeteer\src\common\Connection.ts:300:12)
    at ExecutionContext._evaluateInternal (C:\Users\skovvuri\Desktop\ota_automation\notification_banner\qa-workflowautomation\node_modules\puppeteer\src\common\ExecutionContext.ts:254:44)
    at ExecutionContext.evaluateHandle (C:\Users\skovvuri\Desktop\ota_automation\notification_banner\qa-workflowautomation\node_modules\puppeteer\src\common\ExecutionContext.ts:193:17)
    at WaitTask.rerun (C:\Users\skovvuri\Desktop\ota_automation\notification_banner\qa-workflowautomation\node_modules\puppeteer\src\common\DOMWorld.ts:841:31)
    at processTicksAndRejections (node:internal/process/task_queues:96:5) {
  originalMessage: ''
}
[2024-09-18T14:26:03.640] [ERROR] default - Unable to get element handle by xpath {} //span[text()="Save"]//parent::button
[2024-09-18T14:26:05.646] [INFO] default - In performAction
[2024-09-18T14:26:05.647] [INFO] default - In getElementHandleByXpath  //label[@class="email-switch-label"]
[2024-09-18T14:26:05.647] [INFO] default - in if
[2024-09-18T14:26:05.649] [ERROR] default - Error: Protocol error (Runtime.callFunctionOn): Session closed. Most likely the page has been closed.
    at CDPSession.send (C:\Users\skovvuri\Desktop\ota_automation\notification_banner\qa-workflowautomation\node_modules\puppeteer\src\common\Connection.ts:286:9)
    at ExecutionContext._evaluateInternal (C:\Users\skovvuri\Desktop\ota_automation\notification_banner\qa-workflowautomation\node_modules\puppeteer\src\common\ExecutionContext.ts:254:44)
    at ExecutionContext.evaluateHandle (C:\Users\skovvuri\Desktop\ota_automation\notification_banner\qa-workflowautomation\node_modules\puppeteer\src\common\ExecutionContext.ts:193:17)
    at WaitTask.rerun (C:\Users\skovvuri\Desktop\ota_automation\notification_banner\qa-workflowautomation\node_modules\puppeteer\src\common\DOMWorld.ts:841:31)
[2024-09-18T14:26:05.650] [ERROR] default - Unable to get element handle by xpath {} //label[@class="email-switch-label"]
[2024-09-18T14:26:07.654] [INFO] default - In performAction
[2024-09-18T14:26:07.655] [INFO] default - In getElementHandleByXpath  //aside//a[@href[starts-with(.,'/dashboard')]]
[2024-09-18T14:26:07.655] [INFO] default - in if
[2024-09-18T14:26:07.657] [ERROR] default - Error: Protocol error (Runtime.callFunctionOn): Session closed. Most likely the page has been closed.
    at CDPSession.send (C:\Users\skovvuri\Desktop\ota_automation\notification_banner\qa-workflowautomation\node_modules\puppeteer\src\common\Connection.ts:286:9)
    at ExecutionContext._evaluateInternal (C:\Users\skovvuri\Desktop\ota_automation\notification_banner\qa-workflowautomation\node_modules\puppeteer\src\common\ExecutionContext.ts:254:44)
    at ExecutionContext.evaluateHandle (C:\Users\skovvuri\Desktop\ota_automation\notification_banner\qa-workflowautomation\node_modules\puppeteer\src\common\ExecutionContext.ts:193:17)
    at WaitTask.rerun (C:\Users\skovvuri\Desktop\ota_automation\notification_banner\qa-workflowautomation\node_modules\puppeteer\src\common\DOMWorld.ts:841:31)
[2024-09-18T14:26:07.658] [ERROR] default - Unable to get element handle by xpath {} //aside//a[@href[starts-with(.,'/dashboard')]]
