[2024-09-18T14:53:27.882] [INFO] default - Registering the reporter globally
[2024-09-18T14:53:32.571] [INFO] default - Before all
[2024-09-18T14:53:32.576] [INFO] default - global.env = ota_nb
[2024-09-18T14:53:32.604] [INFO] default - env = ota_nb
[2024-09-18T14:53:32.645] [INFO] default - Navigating to https://dailyregr.remoteaccess.view.com/
[2024-09-18T14:53:38.946] [INFO] default - Created custom screenshot  loginPage.png
[2024-09-18T14:53:39.213] [INFO] default - Navigating to using expect click
[2024-09-18T14:53:42.081] [INFO] default - Hit login
[2024-09-18T14:53:58.193] [INFO] default - Before Each 
[2024-09-18T14:53:58.200] [INFO] default - In givenAdminLoggedIn
[2024-09-18T14:53:58.913] [INFO] default - Created custom screenshot  givenAdminLoggedIn.png
[2024-09-18T14:53:58.917] [INFO] default - In performAction
[2024-09-18T14:53:58.918] [INFO] default - In getElementHandleByXpath  //aside//a[@href[contains(.,'orginfo')]]
[2024-09-18T14:53:58.919] [INFO] default - in if
[2024-09-18T14:53:58.942] [INFO] default - in click
[2024-09-18T14:54:01.290] [INFO] default - In performAction
[2024-09-18T14:54:01.294] [INFO] default - In getElementHandleByXpath  //div[@class='ant-collapse-item']//span[@aria-label='right']//*[name()='svg']
[2024-09-18T14:54:01.295] [INFO] default - in if
[2024-09-18T14:54:01.335] [INFO] default - in click
[2024-09-18T14:54:01.757] [INFO] default - After Each 
[2024-09-18T14:54:01.765] [INFO] default - After ALL
[2024-09-18T14:54:02.245] [INFO] default - Created custom screenshot  afterEach.png
[2024-09-18T14:54:03.668] [INFO] default - In performAction
[2024-09-18T14:54:03.670] [INFO] default - In getElementHandleByXpath  //div[text()="Notification Banner"]//parent::div//child::span[@class="anticon anticon-right ant-collapse-arrow"]//*[name()="svg"]
[2024-09-18T14:54:03.671] [INFO] default - in if
[2024-09-18T14:54:03.708] [INFO] default - in click
[2024-09-18T14:54:05.761] [INFO] default - In performAction
[2024-09-18T14:54:05.763] [INFO] default - In getElementHandleByXpath  //span[text()="Create Banner"]//parent::button[@type="button"]//span[@class="anticon anticon-plus"]
[2024-09-18T14:54:05.764] [INFO] default - in if
[2024-09-18T14:54:05.805] [INFO] default - in click
[2024-09-18T14:54:07.932] [INFO] default - In performAction
[2024-09-18T14:54:07.934] [INFO] default - In getElementHandleByXpath  //div[@class='rdw-editor-main']
[2024-09-18T14:54:07.935] [INFO] default - in if
[2024-09-18T14:54:07.966] [INFO] default - in click
[2024-09-18T14:54:10.005] [INFO] default - In performAction
[2024-09-18T14:54:10.009] [INFO] default - In getElementHandleByXpath  //aside//a[@href[starts-with(.,'/dashboard')]]
[2024-09-18T14:54:10.009] [INFO] default - in if
[2024-09-18T14:54:10.048] [INFO] default - in click
[2024-09-18T14:54:32.822] [INFO] default - Ending After all
