[2024-09-17T17:38:45.398] [INFO] default - Registering the reporter globally
[2024-09-17T17:38:53.779] [INFO] default - Before all
[2024-09-17T17:38:53.784] [INFO] default - global.env = ota_nb
[2024-09-17T17:38:53.811] [INFO] default - env = ota_nb
[2024-09-17T17:38:53.851] [INFO] default - Navigating to https://dailyregr.remoteaccess.view.com/
[2024-09-17T17:39:05.339] [INFO] default - Created custom screenshot  loginPage.png
[2024-09-17T17:39:05.681] [INFO] default - Navigating to using expect click
[2024-09-17T17:39:08.788] [INFO] default - Hit login
[2024-09-17T17:39:24.913] [INFO] default - Before Each 
[2024-09-17T17:39:24.922] [INFO] default - In givenAdminLoggedIn
[2024-09-17T17:39:26.354] [INFO] default - Created custom screenshot  givenAdminLoggedIn.png
[2024-09-17T17:39:26.362] [INFO] default - In performAction
[2024-09-17T17:39:26.367] [INFO] default - In getElementHandleByXpath  //aside//a[@href[contains(.,'orginfo')]]
[2024-09-17T17:39:26.369] [INFO] default - in if
[2024-09-17T17:39:26.717] [INFO] default - in click
[2024-09-17T17:39:29.089] [INFO] default - In performAction
[2024-09-17T17:39:29.093] [INFO] default - In getElementHandleByXpath  //div[@class='ant-collapse-item']//span[@aria-label='right']//*[name()='svg']
[2024-09-17T17:39:29.103] [INFO] default - in if
[2024-09-17T17:39:29.143] [INFO] default - in click
[2024-09-17T17:39:29.627] [INFO] default - After Each 
[2024-09-17T17:39:29.639] [INFO] default - After ALL
[2024-09-17T17:39:29.948] [INFO] default - Created custom screenshot  afterEach.png
[2024-09-17T17:39:31.492] [INFO] default - In performAction
[2024-09-17T17:39:31.495] [INFO] default - In getElementHandleByXpath  //div[text()="Notification Banner"]//parent::div//child::span[@class="anticon anticon-right ant-collapse-arrow"]//*[name()="svg"]
[2024-09-17T17:39:31.496] [INFO] default - in if
[2024-09-17T17:39:31.543] [INFO] default - in click
[2024-09-17T17:39:33.602] [INFO] default - In performAction
[2024-09-17T17:39:33.606] [INFO] default - In getElementHandleByXpath  //span[text()="Create Banner"]//parent::button[@type="button"]//span[@class="anticon anticon-plus"]
[2024-09-17T17:39:33.607] [INFO] default - in if
[2024-09-17T17:39:33.645] [INFO] default - in click
[2024-09-17T17:39:35.771] [INFO] default - In performAction
[2024-09-17T17:39:35.774] [INFO] default - In getElementHandleByXpath  //div[@class='rdw-editor-main']
[2024-09-17T17:39:35.775] [INFO] default - in if
[2024-09-17T17:39:35.813] [INFO] default - in click
[2024-09-17T17:40:00.412] [INFO] default - Ending After all
