[2024-09-18T14:40:06.964] [INFO] default - Registering the reporter globally
[2024-09-18T14:40:53.301] [INFO] default - Before all
[2024-09-18T14:40:53.306] [INFO] default - global.env = ota_nb
[2024-09-18T14:40:53.328] [INFO] default - env = ota_nb
[2024-09-18T14:40:53.385] [INFO] default - Navigating to https://dailyregr.remoteaccess.view.com/
[2024-09-18T14:41:01.283] [INFO] default - Created custom screenshot  loginPage.png
[2024-09-18T14:41:01.543] [INFO] default - Navigating to using expect click
[2024-09-18T14:41:04.378] [INFO] default - Hit login
[2024-09-18T14:41:20.470] [INFO] default - Before Each 
[2024-09-18T14:41:20.474] [INFO] default - In givenAdminLoggedIn
[2024-09-18T14:41:21.271] [INFO] default - Created custom screenshot  givenAdminLoggedIn.png
[2024-09-18T14:41:21.278] [INFO] default - In performAction
[2024-09-18T14:41:21.279] [INFO] default - In getElementHandleByXpath  //aside//a[@href[contains(.,'orginfo')]]
[2024-09-18T14:41:21.280] [INFO] default - in if
[2024-09-18T14:41:21.308] [INFO] default - in click
[2024-09-18T14:41:23.554] [INFO] default - In performAction
[2024-09-18T14:41:23.556] [INFO] default - In getElementHandleByXpath  //div[@class='ant-collapse-item']//span[@aria-label='right']//*[name()='svg']
[2024-09-18T14:41:23.558] [INFO] default - in if
[2024-09-18T14:41:23.594] [INFO] default - in click
[2024-09-18T14:41:24.088] [INFO] default - After Each 
[2024-09-18T14:41:24.095] [INFO] default - After ALL
[2024-09-18T14:41:24.501] [INFO] default - Created custom screenshot  afterEach.png
[2024-09-18T14:41:25.970] [INFO] default - In performAction
[2024-09-18T14:41:25.972] [INFO] default - In getElementHandleByXpath  //div[text()="Notification Banner"]//parent::div//child::span[@class="anticon anticon-right ant-collapse-arrow"]//*[name()="svg"]
[2024-09-18T14:41:25.974] [INFO] default - in if
[2024-09-18T14:41:26.004] [INFO] default - in click
[2024-09-18T14:41:28.062] [INFO] default - In performAction
[2024-09-18T14:41:28.065] [INFO] default - In getElementHandleByXpath  //span[text()="Create Banner"]//parent::button[@type="button"]//span[@class="anticon anticon-plus"]
[2024-09-18T14:41:28.066] [INFO] default - in if
[2024-09-18T14:41:28.093] [INFO] default - in click
[2024-09-18T14:41:30.188] [INFO] default - In performAction
[2024-09-18T14:41:30.190] [INFO] default - In getElementHandleByXpath  //div[@class='rdw-editor-main']
[2024-09-18T14:41:30.191] [INFO] default - in if
[2024-09-18T14:41:30.222] [INFO] default - in click
[2024-09-18T14:41:32.272] [INFO] default - In performAction
[2024-09-18T14:41:32.275] [INFO] default - In getElementHandleByXpath  //aside//a[@href[starts-with(.,'/dashboard')]]
[2024-09-18T14:41:32.276] [INFO] default - in if
[2024-09-18T14:41:32.304] [INFO] default - in click
[2024-09-18T14:41:35.036] [INFO] default - Ignorable exception, possibly have already logged out
[2024-09-18T14:41:35.053] [INFO] default - Error: Execution context was destroyed, most likely because of a navigation.
    at rewriteError (C:\Users\skovvuri\Desktop\ota_automation\notification_banner\qa-workflowautomation\node_modules\puppeteer\src\common\ExecutionContext.ts:322:15)
    at runMicrotasks (<anonymous>)
    at processTicksAndRejections (node:internal/process/task_queues:96:5)
    at ExecutionContext._evaluateInternal (C:\Users\skovvuri\Desktop\ota_automation\notification_banner\qa-workflowautomation\node_modules\puppeteer\src\common\ExecutionContext.ts:271:7)
    at ExecutionContext.evaluate (C:\Users\skovvuri\Desktop\ota_automation\notification_banner\qa-workflowautomation\node_modules\puppeteer\src\common\ExecutionContext.ts:140:12)
    at ElementHandle.evaluate (C:\Users\skovvuri\Desktop\ota_automation\notification_banner\qa-workflowautomation\node_modules\puppeteer\src\common\JSHandle.ts:170:12)
    at ElementHandle._scrollIntoViewIfNeeded (C:\Users\skovvuri\Desktop\ota_automation\notification_banner\qa-workflowautomation\node_modules\puppeteer\src\common\JSHandle.ts:436:19)
    at ElementHandle.click (C:\Users\skovvuri\Desktop\ota_automation\notification_banner\qa-workflowautomation\node_modules\puppeteer\src\common\JSHandle.ts:619:5)
    at DOMWorld.click (C:\Users\skovvuri\Desktop\ota_automation\notification_banner\qa-workflowautomation\node_modules\puppeteer\src\common\DOMWorld.ts:462:5)
    at Object.<anonymous> (C:\Users\skovvuri\Desktop\ota_automation\notification_banner\qa-workflowautomation\otae2e\test-specifications\otanotificationbanner.spec.js:45:21)
[2024-09-18T14:41:35.104] [INFO] default - Ending After all
