[2024-09-17T19:01:40.581] [INFO] default - Registering the reporter globally
[2024-09-17T19:01:46.700] [INFO] default - Before all
[2024-09-17T19:01:46.707] [INFO] default - global.env = ota_nb
[2024-09-17T19:01:46.744] [INFO] default - env = ota_nb
[2024-09-17T19:01:46.783] [INFO] default - Navigating to https://dailyregr.remoteaccess.view.com/
[2024-09-17T19:02:02.528] [INFO] default - Created custom screenshot  loginPage.png
[2024-09-17T19:02:02.883] [INFO] default - Navigating to using expect click
[2024-09-17T19:02:05.966] [INFO] default - Hit login
[2024-09-17T19:02:22.098] [INFO] default - Before Each 
[2024-09-17T19:02:22.104] [INFO] default - In givenAdminLoggedIn
[2024-09-17T19:02:23.580] [INFO] default - Created custom screenshot  givenAdminLoggedIn.png
[2024-09-17T19:02:23.589] [INFO] default - In performAction
[2024-09-17T19:02:23.591] [INFO] default - In getElementHandleByXpath  //aside//a[@href[contains(.,'orginfo')]]
[2024-09-17T19:02:23.591] [INFO] default - in if
[2024-09-17T19:02:24.010] [INFO] default - in click
[2024-09-17T19:02:26.442] [INFO] default - In performAction
[2024-09-17T19:02:26.445] [INFO] default - In getElementHandleByXpath  //div[@class='ant-collapse-item']//span[@aria-label='right']//*[name()='svg']
[2024-09-17T19:02:26.446] [INFO] default - in if
[2024-09-17T19:02:26.470] [INFO] default - in click
[2024-09-17T19:02:26.967] [INFO] default - After Each 
[2024-09-17T19:02:26.978] [INFO] default - After ALL
[2024-09-17T19:02:27.407] [INFO] default - Created custom screenshot  afterEach.png
[2024-09-17T19:02:28.834] [INFO] default - In performAction
[2024-09-17T19:02:28.837] [INFO] default - In getElementHandleByXpath  //div[text()="Notification Banner"]//parent::div//child::span[@class="anticon anticon-right ant-collapse-arrow"]//*[name()="svg"]
[2024-09-17T19:02:28.839] [INFO] default - in if
[2024-09-17T19:02:28.875] [INFO] default - in click
[2024-09-17T19:02:30.954] [INFO] default - In performAction
[2024-09-17T19:02:30.955] [INFO] default - In getElementHandleByXpath  //span[text()="Create Banner"]//parent::button[@type="button"]//span[@class="anticon anticon-plus"]
[2024-09-17T19:02:30.956] [INFO] default - in if
[2024-09-17T19:02:30.989] [INFO] default - in click
[2024-09-17T19:02:33.085] [INFO] default - In performAction
[2024-09-17T19:02:33.088] [INFO] default - In getElementHandleByXpath  //div[@class='rdw-editor-main']
[2024-09-17T19:02:33.088] [INFO] default - in if
[2024-09-17T19:02:33.128] [INFO] default - in click
[2024-09-17T19:02:35.180] [INFO] default - In performAction
[2024-09-17T19:02:35.182] [INFO] default - In getElementHandleByXpath  //div[@class='rdw-editor-main']
[2024-09-17T19:02:35.183] [INFO] default - in if
[2024-09-17T19:02:35.206] [INFO] default - in type 1 Hi This is a new Feature
[2024-09-17T19:02:37.756] [INFO] default - In performAction
[2024-09-17T19:02:37.758] [INFO] default - In getElementHandleByXpath  //span[text()="Save"]//parent::button
[2024-09-17T19:02:37.759] [INFO] default - in if
[2024-09-17T19:02:57.876] [INFO] default - Ending After all
[2024-09-17T19:02:57.988] [ERROR] default - ProtocolError: Protocol error (Runtime.callFunctionOn): Target closed.
    at C:\Users\skovvuri\Desktop\ota_automation\notification_banner\qa-workflowautomation\node_modules\puppeteer\src\common\Connection.ts:304:16
    at new Promise (<anonymous>)
    at CDPSession.send (C:\Users\skovvuri\Desktop\ota_automation\notification_banner\qa-workflowautomation\node_modules\puppeteer\src\common\Connection.ts:300:12)
    at ExecutionContext._evaluateInternal (C:\Users\skovvuri\Desktop\ota_automation\notification_banner\qa-workflowautomation\node_modules\puppeteer\src\common\ExecutionContext.ts:254:44)
    at ExecutionContext.evaluateHandle (C:\Users\skovvuri\Desktop\ota_automation\notification_banner\qa-workflowautomation\node_modules\puppeteer\src\common\ExecutionContext.ts:193:17)
    at WaitTask.rerun (C:\Users\skovvuri\Desktop\ota_automation\notification_banner\qa-workflowautomation\node_modules\puppeteer\src\common\DOMWorld.ts:841:31)
    at runMicrotasks (<anonymous>)
    at processTicksAndRejections (node:internal/process/task_queues:96:5) {
  originalMessage: ''
}
[2024-09-17T19:02:57.996] [ERROR] default - Unable to get element handle by xpath {} //span[text()="Save"]//parent::button
[2024-09-17T19:03:00.004] [INFO] default - In performAction
[2024-09-17T19:03:00.005] [INFO] default - In getElementHandleByXpath  //label[@class="email-switch-label"]
[2024-09-17T19:03:00.005] [INFO] default - in if
[2024-09-17T19:03:00.008] [ERROR] default - Error: Protocol error (Runtime.callFunctionOn): Session closed. Most likely the page has been closed.
    at CDPSession.send (C:\Users\skovvuri\Desktop\ota_automation\notification_banner\qa-workflowautomation\node_modules\puppeteer\src\common\Connection.ts:286:9)
    at ExecutionContext._evaluateInternal (C:\Users\skovvuri\Desktop\ota_automation\notification_banner\qa-workflowautomation\node_modules\puppeteer\src\common\ExecutionContext.ts:254:44)
    at ExecutionContext.evaluateHandle (C:\Users\skovvuri\Desktop\ota_automation\notification_banner\qa-workflowautomation\node_modules\puppeteer\src\common\ExecutionContext.ts:193:17)
    at WaitTask.rerun (C:\Users\skovvuri\Desktop\ota_automation\notification_banner\qa-workflowautomation\node_modules\puppeteer\src\common\DOMWorld.ts:841:31)
[2024-09-17T19:03:00.013] [ERROR] default - Unable to get element handle by xpath {} //label[@class="email-switch-label"]
[2024-09-17T19:03:02.021] [INFO] default - In performAction
[2024-09-17T19:03:02.022] [INFO] default - In getElementHandleByXpath  //aside//a[@href[starts-with(.,'/dashboard')]]
[2024-09-17T19:03:02.022] [INFO] default - in if
[2024-09-17T19:03:02.024] [ERROR] default - Error: Protocol error (Runtime.callFunctionOn): Session closed. Most likely the page has been closed.
    at CDPSession.send (C:\Users\skovvuri\Desktop\ota_automation\notification_banner\qa-workflowautomation\node_modules\puppeteer\src\common\Connection.ts:286:9)
    at ExecutionContext._evaluateInternal (C:\Users\skovvuri\Desktop\ota_automation\notification_banner\qa-workflowautomation\node_modules\puppeteer\src\common\ExecutionContext.ts:254:44)
    at ExecutionContext.evaluateHandle (C:\Users\skovvuri\Desktop\ota_automation\notification_banner\qa-workflowautomation\node_modules\puppeteer\src\common\ExecutionContext.ts:193:17)
    at WaitTask.rerun (C:\Users\skovvuri\Desktop\ota_automation\notification_banner\qa-workflowautomation\node_modules\puppeteer\src\common\DOMWorld.ts:841:31)
[2024-09-17T19:03:02.026] [ERROR] default - Unable to get element handle by xpath {} //aside//a[@href[starts-with(.,'/dashboard')]]
