[2024-09-17T14:53:45.317] [INFO] default - Registering the reporter globally
[2024-09-17T14:53:50.867] [INFO] default - Before all
[2024-09-17T14:53:50.870] [INFO] default - global.env = ota_nb
[2024-09-17T14:53:50.883] [INFO] default - env = ota_nb
[2024-09-17T14:53:50.898] [INFO] default - Navigating to https://qa.remoteaccess.view.com/
[2024-09-17T14:54:00.774] [INFO] default - Created custom screenshot  loginPage.png
[2024-09-17T14:54:01.001] [INFO] default - Navigating to using expect click
[2024-09-17T14:54:04.279] [INFO] default - Hit login
[2024-09-17T14:54:20.394] [INFO] default - Before Each 
[2024-09-17T14:54:20.400] [INFO] default - In givenAdminLoggedIn
[2024-09-17T14:54:22.576] [INFO] default - Created custom screenshot  givenAdminLoggedIn.png
[2024-09-17T14:54:22.583] [INFO] default - In performAction
[2024-09-17T14:54:22.584] [INFO] default - In getElementHandleByXpath  //aside//a[@href[contains(.,'orginfo')]]
[2024-09-17T14:54:22.584] [INFO] default - in if
[2024-09-17T14:54:23.008] [INFO] default - in click
[2024-09-17T14:54:25.612] [INFO] default - In performAction
[2024-09-17T14:54:25.615] [INFO] default - In getElementHandleByXpath  //div[@class='ant-collapse-item']//span[@aria-label='right']//*[name()='svg']
[2024-09-17T14:54:25.616] [INFO] default - in if
[2024-09-17T14:54:25.644] [INFO] default - in click
[2024-09-17T14:54:27.965] [INFO] default - In performAction
[2024-09-17T14:54:27.967] [INFO] default - In getElementHandleByXpath  //div[text()="Notification Banner"]//parent::div//child::span[@class="anticon anticon-right ant-collapse-arrow"]//*[name()="svg"]
[2024-09-17T14:54:27.968] [INFO] default - in if
[2024-09-17T14:54:27.998] [INFO] default - in click
[2024-09-17T14:54:30.079] [INFO] default - In performAction
[2024-09-17T14:54:30.081] [INFO] default - In getElementHandleByXpath  //span[text()="Create Banner"]//parent::button[@type="button"]//span[@class="anticon anticon-plus"]
[2024-09-17T14:54:30.082] [INFO] default - in if
[2024-09-17T14:55:00.086] [ERROR] default - TimeoutError: waiting for XPath `//span[text()="Create Banner"]//parent::button[@type="button"]//span[@class="anticon anticon-plus"]` failed: timeout 30000ms exceeded
    at new WaitTask (C:\Users\skovvuri\Desktop\ota_automation\notification_banner\qa-workflowautomation\node_modules\puppeteer\src\common\DOMWorld.ts:813:28)
    at DOMWorld.waitForXPath (C:\Users\skovvuri\Desktop\ota_automation\notification_banner\qa-workflowautomation\node_modules\puppeteer\src\common\DOMWorld.ts:702:22)
    at Frame.waitForXPath (C:\Users\skovvuri\Desktop\ota_automation\notification_banner\qa-workflowautomation\node_modules\puppeteer\src\common\FrameManager.ts:1320:47)
    at Page.waitForXPath (C:\Users\skovvuri\Desktop\ota_automation\notification_banner\qa-workflowautomation\node_modules\puppeteer\src\common\Page.ts:3281:29)
    at getElementHandleByXpath (C:\Users\skovvuri\Desktop\ota_automation\notification_banner\qa-workflowautomation\utils\utils.js:472:18)
    at performAction (C:\Users\skovvuri\Desktop\ota_automation\notification_banner\qa-workflowautomation\utils\utils.js:497:24)
    at Object.stepFunction (C:\Users\skovvuri\Desktop\ota_automation\notification_banner\qa-workflowautomation\otae2e\helper\otauser.js:6802:28)
[2024-09-17T14:55:00.092] [ERROR] default - Unable to get element handle by xpath {} //span[text()="Create Banner"]//parent::button[@type="button"]//span[@class="anticon anticon-plus"]
[2024-09-17T14:55:02.110] [INFO] default - After Each 
[2024-09-17T14:55:02.923] [INFO] default - Created custom screenshot  afterEach.png
[2024-09-17T14:55:02.927] [INFO] default - After ALL
[2024-09-17T14:55:02.962] [INFO] default - Ending After all
