[2024-09-17T19:39:07.403] [INFO] default - Registering the reporter globally
[2024-09-17T19:39:12.235] [INFO] default - Before all
[2024-09-17T19:39:12.237] [INFO] default - global.env = ota_nb
[2024-09-17T19:39:12.262] [INFO] default - env = ota_nb
[2024-09-17T19:39:12.339] [INFO] default - Navigating to https://dailyregr.remoteaccess.view.com/
[2024-09-17T19:39:19.099] [INFO] default - Created custom screenshot  loginPage.png
[2024-09-17T19:39:19.269] [INFO] default - Navigating to using expect click
[2024-09-17T19:39:21.999] [INFO] default - Hit login
[2024-09-17T19:39:38.073] [INFO] default - Before Each 
[2024-09-17T19:39:38.077] [INFO] default - In givenAdminLoggedIn
[2024-09-17T19:39:39.003] [INFO] default - Created custom screenshot  givenAdminLoggedIn.png
[2024-09-17T19:39:39.009] [INFO] default - In performAction
[2024-09-17T19:39:39.010] [INFO] default - In getElementHandleByXpath  //aside//a[@href[contains(.,'orginfo')]]
[2024-09-17T19:39:39.010] [INFO] default - in if
[2024-09-17T19:39:39.030] [INFO] default - in click
[2024-09-17T19:39:41.352] [INFO] default - In performAction
[2024-09-17T19:39:41.354] [INFO] default - In getElementHandleByXpath  //div[@class='ant-collapse-item']//span[@aria-label='right']//*[name()='svg']
[2024-09-17T19:39:41.355] [INFO] default - in if
[2024-09-17T19:39:41.377] [INFO] default - in click
[2024-09-17T19:39:41.886] [INFO] default - After Each 
[2024-09-17T19:39:41.893] [INFO] default - After ALL
[2024-09-17T19:39:42.248] [INFO] default - Created custom screenshot  afterEach.png
[2024-09-17T19:39:43.826] [INFO] default - In performAction
[2024-09-17T19:39:43.828] [INFO] default - In getElementHandleByXpath  //div[text()="Notification Banner"]//parent::div//child::span[@class="anticon anticon-right ant-collapse-arrow"]//*[name()="svg"]
[2024-09-17T19:39:43.828] [INFO] default - in if
[2024-09-17T19:39:43.843] [INFO] default - in click
[2024-09-17T19:39:45.884] [INFO] default - In performAction
[2024-09-17T19:39:45.887] [INFO] default - In getElementHandleByXpath  //span[text()="Create Banner"]//parent::button[@type="button"]//span[@class="anticon anticon-plus"]
[2024-09-17T19:39:45.888] [INFO] default - in if
[2024-09-17T19:39:45.928] [INFO] default - in click
[2024-09-17T19:39:48.098] [INFO] default - In performAction
[2024-09-17T19:39:48.101] [INFO] default - In getElementHandleByXpath  //div[@class='rdw-editor-main']
[2024-09-17T19:39:48.102] [INFO] default - in if
[2024-09-17T19:39:48.126] [INFO] default - in click
[2024-09-17T19:39:50.163] [INFO] default - In performAction
[2024-09-17T19:39:50.165] [INFO] default - In getElementHandleByXpath  //div[@class='rdw-editor-main']
[2024-09-17T19:39:50.166] [INFO] default - in if
[2024-09-17T19:39:50.195] [INFO] default - in type 1 Hi This is a new Feature
[2024-09-17T19:39:52.813] [INFO] default - In performAction
[2024-09-17T19:39:52.819] [INFO] default - In getElementHandleByXpath  //div[@class='rdw-editor-main']
[2024-09-17T19:39:52.820] [INFO] default - in if
[2024-09-17T19:40:12.621] [INFO] default - Ending After all
[2024-09-17T19:40:12.677] [ERROR] default - ProtocolError: Protocol error (Runtime.callFunctionOn): Target closed.
    at C:\Users\skovvuri\Desktop\ota_automation\notification_banner\qa-workflowautomation\node_modules\puppeteer\src\common\Connection.ts:304:16
    at new Promise (<anonymous>)
    at CDPSession.send (C:\Users\skovvuri\Desktop\ota_automation\notification_banner\qa-workflowautomation\node_modules\puppeteer\src\common\Connection.ts:300:12)
    at ExecutionContext._evaluateInternal (C:\Users\skovvuri\Desktop\ota_automation\notification_banner\qa-workflowautomation\node_modules\puppeteer\src\common\ExecutionContext.ts:254:44)
    at ExecutionContext.evaluateHandle (C:\Users\skovvuri\Desktop\ota_automation\notification_banner\qa-workflowautomation\node_modules\puppeteer\src\common\ExecutionContext.ts:193:17)
    at WaitTask.rerun (C:\Users\skovvuri\Desktop\ota_automation\notification_banner\qa-workflowautomation\node_modules\puppeteer\src\common\DOMWorld.ts:841:31)
    at runMicrotasks (<anonymous>)
    at processTicksAndRejections (node:internal/process/task_queues:96:5) {
  originalMessage: ''
}
[2024-09-17T19:40:12.680] [ERROR] default - Unable to get element handle by xpath {} //div[@class='rdw-editor-main']
[2024-09-17T19:40:14.685] [INFO] default - In performAction
[2024-09-17T19:40:14.686] [INFO] default - In getElementHandleByXpath  //span[contains(text(),'Save')]
[2024-09-17T19:40:14.686] [INFO] default - in if
[2024-09-17T19:40:14.688] [ERROR] default - Error: Protocol error (Runtime.callFunctionOn): Session closed. Most likely the page has been closed.
    at CDPSession.send (C:\Users\skovvuri\Desktop\ota_automation\notification_banner\qa-workflowautomation\node_modules\puppeteer\src\common\Connection.ts:286:9)
    at ExecutionContext._evaluateInternal (C:\Users\skovvuri\Desktop\ota_automation\notification_banner\qa-workflowautomation\node_modules\puppeteer\src\common\ExecutionContext.ts:254:44)
    at ExecutionContext.evaluateHandle (C:\Users\skovvuri\Desktop\ota_automation\notification_banner\qa-workflowautomation\node_modules\puppeteer\src\common\ExecutionContext.ts:193:17)
    at WaitTask.rerun (C:\Users\skovvuri\Desktop\ota_automation\notification_banner\qa-workflowautomation\node_modules\puppeteer\src\common\DOMWorld.ts:841:31)
[2024-09-17T19:40:14.689] [ERROR] default - Unable to get element handle by xpath {} //span[contains(text(),'Save')]
