[2024-09-17T17:28:23.779] [INFO] default - Registering the reporter globally
[2024-09-17T17:28:34.782] [INFO] default - Before all
[2024-09-17T17:28:34.789] [INFO] default - global.env = ota_nb
[2024-09-17T17:28:34.822] [INFO] default - env = ota_nb
[2024-09-17T17:28:34.877] [INFO] default - Navigating to https://dailyregr.remoteaccess.view.com/
[2024-09-17T17:29:04.526] [INFO] default - Created custom screenshot  loginPage.png
[2024-09-17T17:29:04.879] [INFO] default - Navigating to using expect click
[2024-09-17T17:29:06.965] [INFO] default - Hit login
[2024-09-17T17:29:23.130] [INFO] default - Before Each 
[2024-09-17T17:29:23.135] [INFO] default - In givenAdminLoggedIn
[2024-09-17T17:29:24.495] [INFO] default - Created custom screenshot  givenAdminLoggedIn.png
[2024-09-17T17:29:24.540] [INFO] default - In performAction
[2024-09-17T17:29:24.550] [INFO] default - In getElementHandleByXpath  //aside//a[@href[contains(.,'orginfo')]]
[2024-09-17T17:29:24.552] [INFO] default - in if
[2024-09-17T17:29:25.019] [INFO] default - in click
[2024-09-17T17:29:27.349] [INFO] default - In performAction
[2024-09-17T17:29:27.352] [INFO] default - In getElementHandleByXpath  //div[@class='ant-collapse-item']//span[@aria-label='right']//*[name()='svg']
[2024-09-17T17:29:27.354] [INFO] default - in if
[2024-09-17T17:29:27.398] [INFO] default - in click
[2024-09-17T17:29:28.001] [INFO] default - After Each 
[2024-09-17T17:29:28.014] [INFO] default - After ALL
[2024-09-17T17:29:28.501] [INFO] default - Created custom screenshot  afterEach.png
[2024-09-17T17:29:29.862] [INFO] default - In performAction
[2024-09-17T17:29:29.865] [INFO] default - In getElementHandleByXpath  //div[text()="Notification Banner"]//parent::div//child::span[@class="anticon anticon-right ant-collapse-arrow"]//*[name()="svg"]
[2024-09-17T17:29:29.866] [INFO] default - in if
[2024-09-17T17:29:29.912] [INFO] default - in click
[2024-09-17T17:29:31.971] [INFO] default - In performAction
[2024-09-17T17:29:31.974] [INFO] default - In getElementHandleByXpath  //span[text()="Create Banner"]//parent::button[@type="button"]//span[@class="anticon anticon-plus"]
[2024-09-17T17:29:31.975] [INFO] default - in if
[2024-09-17T17:29:32.011] [INFO] default - in click
[2024-09-17T17:29:58.900] [INFO] default - Ending After all
