[2024-09-17T20:32:04.986] [INFO] default - Registering the reporter globally
[2024-09-17T20:32:14.649] [INFO] default - Before all
[2024-09-17T20:32:14.654] [INFO] default - global.env = ota_nb
[2024-09-17T20:32:14.701] [INFO] default - env = ota_nb
[2024-09-17T20:32:14.757] [INFO] default - Navigating to https://dailyregr.remoteaccess.view.com/
[2024-09-17T20:32:26.704] [INFO] default - Created custom screenshot  loginPage.png
[2024-09-17T20:32:27.064] [INFO] default - Navigating to using expect click
[2024-09-17T20:32:30.617] [INFO] default - Hit login
[2024-09-17T20:32:46.753] [INFO] default - Before Each 
[2024-09-17T20:32:46.762] [INFO] default - In givenAdminLoggedIn
[2024-09-17T20:32:50.001] [INFO] default - Created custom screenshot  givenAdminLoggedIn.png
[2024-09-17T20:32:50.017] [INFO] default - In performAction
[2024-09-17T20:32:50.019] [INFO] default - In getElementHandleByXpath  //aside//a[@href[contains(.,'orginfo')]]
[2024-09-17T20:32:50.020] [INFO] default - in if
[2024-09-17T20:32:50.995] [INFO] default - in click
[2024-09-17T20:32:53.584] [INFO] default - In performAction
[2024-09-17T20:32:53.587] [INFO] default - In getElementHandleByXpath  //div[@class='ant-collapse-item']//span[@aria-label='right']//*[name()='svg']
[2024-09-17T20:32:53.588] [INFO] default - in if
[2024-09-17T20:32:53.626] [INFO] default - in click
[2024-09-17T20:32:54.645] [INFO] default - After Each 
[2024-09-17T20:32:54.656] [INFO] default - After ALL
[2024-09-17T20:32:55.459] [INFO] default - Created custom screenshot  afterEach.png
[2024-09-17T20:32:56.504] [INFO] default - In performAction
[2024-09-17T20:32:56.507] [INFO] default - In getElementHandleByXpath  //div[text()="Notification Banner"]//parent::div//child::span[@class="anticon anticon-right ant-collapse-arrow"]//*[name()="svg"]
[2024-09-17T20:32:56.508] [INFO] default - in if
[2024-09-17T20:32:56.545] [INFO] default - in click
[2024-09-17T20:32:58.625] [INFO] default - In performAction
[2024-09-17T20:32:58.629] [INFO] default - In getElementHandleByXpath  //span[text()="Create Banner"]//parent::button[@type="button"]//span[@class="anticon anticon-plus"]
[2024-09-17T20:32:58.629] [INFO] default - in if
[2024-09-17T20:32:58.669] [INFO] default - in click
[2024-09-17T20:33:00.902] [INFO] default - In performAction
[2024-09-17T20:33:00.905] [INFO] default - In getElementHandleByXpath  //div[@class='rdw-editor-main']
[2024-09-17T20:33:00.905] [INFO] default - in if
[2024-09-17T20:33:00.950] [INFO] default - in click
[2024-09-17T20:33:03.002] [INFO] default - In performAction
[2024-09-17T20:33:03.005] [INFO] default - In getElementHandleByXpath  //div[@class='rdw-editor-main']
[2024-09-17T20:33:03.006] [INFO] default - in if
[2024-09-17T20:33:03.050] [INFO] default - in type 1 Hi This is a new Feature
[2024-09-17T20:33:05.893] [INFO] default - In performAction
[2024-09-17T20:33:05.898] [INFO] default - In getElementHandleByXpath  //span[text()="Save"]//parent::button
[2024-09-17T20:33:05.899] [INFO] default - in if
[2024-09-17T20:33:25.764] [INFO] default - Ending After all
[2024-09-17T20:33:25.843] [ERROR] default - ProtocolError: Protocol error (Runtime.callFunctionOn): Target closed.
    at C:\Users\skovvuri\Desktop\ota_automation\notification_banner\qa-workflowautomation\node_modules\puppeteer\src\common\Connection.ts:304:16
    at new Promise (<anonymous>)
    at CDPSession.send (C:\Users\skovvuri\Desktop\ota_automation\notification_banner\qa-workflowautomation\node_modules\puppeteer\src\common\Connection.ts:300:12)
    at ExecutionContext._evaluateInternal (C:\Users\skovvuri\Desktop\ota_automation\notification_banner\qa-workflowautomation\node_modules\puppeteer\src\common\ExecutionContext.ts:254:44)
    at ExecutionContext.evaluateHandle (C:\Users\skovvuri\Desktop\ota_automation\notification_banner\qa-workflowautomation\node_modules\puppeteer\src\common\ExecutionContext.ts:193:17)
    at WaitTask.rerun (C:\Users\skovvuri\Desktop\ota_automation\notification_banner\qa-workflowautomation\node_modules\puppeteer\src\common\DOMWorld.ts:841:31)
    at runMicrotasks (<anonymous>)
    at processTicksAndRejections (node:internal/process/task_queues:96:5) {
  originalMessage: ''
}
[2024-09-17T20:33:25.855] [ERROR] default - Unable to get element handle by xpath {} //span[text()="Save"]//parent::button
[2024-09-17T20:33:27.881] [INFO] default - In performAction
[2024-09-17T20:33:27.882] [INFO] default - In getElementHandleByXpath  //label[@class="email-switch-label"]
[2024-09-17T20:33:27.883] [INFO] default - in if
[2024-09-17T20:33:27.885] [ERROR] default - Error: Protocol error (Runtime.callFunctionOn): Session closed. Most likely the page has been closed.
    at CDPSession.send (C:\Users\skovvuri\Desktop\ota_automation\notification_banner\qa-workflowautomation\node_modules\puppeteer\src\common\Connection.ts:286:9)
    at ExecutionContext._evaluateInternal (C:\Users\skovvuri\Desktop\ota_automation\notification_banner\qa-workflowautomation\node_modules\puppeteer\src\common\ExecutionContext.ts:254:44)
    at ExecutionContext.evaluateHandle (C:\Users\skovvuri\Desktop\ota_automation\notification_banner\qa-workflowautomation\node_modules\puppeteer\src\common\ExecutionContext.ts:193:17)
    at WaitTask.rerun (C:\Users\skovvuri\Desktop\ota_automation\notification_banner\qa-workflowautomation\node_modules\puppeteer\src\common\DOMWorld.ts:841:31)
[2024-09-17T20:33:27.887] [ERROR] default - Unable to get element handle by xpath {} //label[@class="email-switch-label"]
[2024-09-17T20:33:29.903] [INFO] default - In performAction
[2024-09-17T20:33:29.904] [INFO] default - In getElementHandleByXpath  //aside//a[@href[starts-with(.,'/dashboard')]]
[2024-09-17T20:33:29.904] [INFO] default - in if
[2024-09-17T20:33:29.905] [ERROR] default - Error: Protocol error (Runtime.callFunctionOn): Session closed. Most likely the page has been closed.
    at CDPSession.send (C:\Users\skovvuri\Desktop\ota_automation\notification_banner\qa-workflowautomation\node_modules\puppeteer\src\common\Connection.ts:286:9)
    at ExecutionContext._evaluateInternal (C:\Users\skovvuri\Desktop\ota_automation\notification_banner\qa-workflowautomation\node_modules\puppeteer\src\common\ExecutionContext.ts:254:44)
    at ExecutionContext.evaluateHandle (C:\Users\skovvuri\Desktop\ota_automation\notification_banner\qa-workflowautomation\node_modules\puppeteer\src\common\ExecutionContext.ts:193:17)
    at WaitTask.rerun (C:\Users\skovvuri\Desktop\ota_automation\notification_banner\qa-workflowautomation\node_modules\puppeteer\src\common\DOMWorld.ts:841:31)
[2024-09-17T20:33:29.907] [ERROR] default - Unable to get element handle by xpath {} //aside//a[@href[starts-with(.,'/dashboard')]]
