[2024-09-18T14:43:27.389] [INFO] default - Registering the reporter globally
[2024-09-18T14:43:32.374] [INFO] default - Before all
[2024-09-18T14:43:32.379] [INFO] default - global.env = ota_nb
[2024-09-18T14:43:32.408] [INFO] default - env = ota_nb
[2024-09-18T14:43:32.441] [INFO] default - Navigating to https://dailyregr.remoteaccess.view.com/
[2024-09-18T14:43:38.951] [INFO] default - Created custom screenshot  loginPage.png
[2024-09-18T14:43:39.176] [INFO] default - Navigating to using expect click
[2024-09-18T14:43:42.264] [INFO] default - Hit login
[2024-09-18T14:43:58.373] [INFO] default - Before Each 
[2024-09-18T14:43:58.379] [INFO] default - In givenAdminLoggedIn
[2024-09-18T14:43:59.225] [INFO] default - Created custom screenshot  givenAdminLoggedIn.png
[2024-09-18T14:43:59.235] [INFO] default - In performAction
[2024-09-18T14:43:59.236] [INFO] default - In getElementHandleByXpath  //aside//a[@href[contains(.,'orginfo')]]
[2024-09-18T14:43:59.237] [INFO] default - in if
[2024-09-18T14:43:59.261] [INFO] default - in click
[2024-09-18T14:44:01.523] [INFO] default - In performAction
[2024-09-18T14:44:01.526] [INFO] default - In getElementHandleByXpath  //div[@class='ant-collapse-item']//span[@aria-label='right']//*[name()='svg']
[2024-09-18T14:44:01.527] [INFO] default - in if
[2024-09-18T14:44:01.568] [INFO] default - in click
[2024-09-18T14:44:02.020] [INFO] default - After Each 
[2024-09-18T14:44:02.026] [INFO] default - After ALL
[2024-09-18T14:44:02.298] [INFO] default - Created custom screenshot  afterEach.png
[2024-09-18T14:44:03.936] [INFO] default - In performAction
[2024-09-18T14:44:03.938] [INFO] default - In getElementHandleByXpath  //div[text()="Notification Banner"]//parent::div//child::span[@class="anticon anticon-right ant-collapse-arrow"]//*[name()="svg"]
[2024-09-18T14:44:03.939] [INFO] default - in if
[2024-09-18T14:44:03.965] [INFO] default - in click
[2024-09-18T14:44:06.014] [INFO] default - In performAction
[2024-09-18T14:44:06.016] [INFO] default - In getElementHandleByXpath  //span[text()="Create Banner"]//parent::button[@type="button"]//span[@class="anticon anticon-plus"]
[2024-09-18T14:44:06.017] [INFO] default - in if
[2024-09-18T14:44:06.036] [INFO] default - in click
[2024-09-18T14:44:08.121] [INFO] default - In performAction
[2024-09-18T14:44:08.124] [INFO] default - In getElementHandleByXpath  //div[@class='rdw-editor-main']
[2024-09-18T14:44:08.126] [INFO] default - in if
[2024-09-18T14:44:08.158] [INFO] default - in click
[2024-09-18T14:44:10.194] [INFO] default - In performAction
[2024-09-18T14:44:10.197] [INFO] default - In getElementHandleByXpath  //aside//a[@href[starts-with(.,'/dashboard')]]
[2024-09-18T14:44:10.198] [INFO] default - in if
[2024-09-18T14:44:10.232] [INFO] default - in click
[2024-09-18T14:44:32.928] [INFO] default - Ending After all
