[2024-09-17T18:28:02.890] [INFO] default - Registering the reporter globally
[2024-09-17T18:28:10.265] [INFO] default - Before all
[2024-09-17T18:28:10.280] [INFO] default - global.env = ota_nb
[2024-09-17T18:28:10.310] [INFO] default - env = ota_nb
[2024-09-17T18:28:10.348] [INFO] default - Navigating to https://dailyregr.remoteaccess.view.com/
[2024-09-17T18:28:22.564] [INFO] default - Created custom screenshot  loginPage.png
[2024-09-17T18:28:22.890] [INFO] default - Navigating to using expect click
[2024-09-17T18:28:25.827] [INFO] default - Hit login
[2024-09-17T18:28:41.931] [INFO] default - Before Each 
[2024-09-17T18:28:41.935] [INFO] default - In givenAdminLoggedIn
[2024-09-17T18:28:42.811] [INFO] default - Created custom screenshot  givenAdminLoggedIn.png
[2024-09-17T18:28:42.825] [INFO] default - In performAction
[2024-09-17T18:28:42.827] [INFO] default - In getElementHandleByXpath  //aside//a[@href[contains(.,'orginfo')]]
[2024-09-17T18:28:42.834] [INFO] default - in if
[2024-09-17T18:28:42.884] [INFO] default - in click
[2024-09-17T18:28:45.167] [INFO] default - In performAction
[2024-09-17T18:28:45.170] [INFO] default - In getElementHandleByXpath  //div[@class='ant-collapse-item']//span[@aria-label='right']//*[name()='svg']
[2024-09-17T18:28:45.171] [INFO] default - in if
[2024-09-17T18:28:45.210] [INFO] default - in click
[2024-09-17T18:28:45.645] [INFO] default - After Each 
[2024-09-17T18:28:45.655] [INFO] default - After ALL
[2024-09-17T18:28:46.120] [INFO] default - Created custom screenshot  afterEach.png
[2024-09-17T18:28:47.547] [INFO] default - In performAction
[2024-09-17T18:28:47.550] [INFO] default - In getElementHandleByXpath  //div[text()="Notification Banner"]//parent::div//child::span[@class="anticon anticon-right ant-collapse-arrow"]//*[name()="svg"]
[2024-09-17T18:28:47.551] [INFO] default - in if
[2024-09-17T18:28:47.592] [INFO] default - in click
[2024-09-17T18:28:49.642] [INFO] default - In performAction
[2024-09-17T18:28:49.644] [INFO] default - In getElementHandleByXpath  //span[text()="Create Banner"]//parent::button[@type="button"]//span[@class="anticon anticon-plus"]
[2024-09-17T18:28:49.645] [INFO] default - in if
[2024-09-17T18:28:49.681] [INFO] default - in click
[2024-09-17T18:28:51.807] [INFO] default - In performAction
[2024-09-17T18:28:51.810] [INFO] default - In getElementHandleByXpath  //div[@class='rdw-editor-main']
[2024-09-17T18:28:51.811] [INFO] default - in if
[2024-09-17T18:28:51.846] [INFO] default - in click
[2024-09-17T18:28:53.883] [INFO] default - In performAction
[2024-09-17T18:28:53.887] [INFO] default - In getElementHandleByXpath  //div[@class='rdw-editor-main']
[2024-09-17T18:28:53.889] [INFO] default - in if
[2024-09-17T18:28:53.924] [INFO] default - in type 1 Hi This is a new Feature
[2024-09-17T18:29:16.512] [INFO] default - Ending After all
