[2024-09-17T19:08:59.799] [INFO] default - Registering the reporter globally
[2024-09-17T19:09:06.917] [INFO] default - Before all
[2024-09-17T19:09:06.923] [INFO] default - global.env = ota_nb
[2024-09-17T19:09:06.964] [INFO] default - env = ota_nb
[2024-09-17T19:09:07.007] [INFO] default - Navigating to https://dailyregr.remoteaccess.view.com/
[2024-09-17T19:09:14.102] [INFO] default - Created custom screenshot  loginPage.png
[2024-09-17T19:09:14.482] [INFO] default - Navigating to using expect click
[2024-09-17T19:09:18.055] [INFO] default - Hit login
[2024-09-17T19:09:34.166] [INFO] default - Before Each 
[2024-09-17T19:09:34.172] [INFO] default - In givenAdminLoggedIn
[2024-09-17T19:09:37.799] [INFO] default - Created custom screenshot  givenAdminLoggedIn.png
[2024-09-17T19:09:37.812] [INFO] default - In performAction
[2024-09-17T19:09:37.813] [INFO] default - In getElementHandleByXpath  //aside//a[@href[contains(.,'orginfo')]]
[2024-09-17T19:09:37.815] [INFO] default - in if
[2024-09-17T19:09:38.979] [INFO] default - in click
[2024-09-17T19:09:42.045] [INFO] default - In performAction
[2024-09-17T19:09:42.049] [INFO] default - In getElementHandleByXpath  //div[@class='ant-collapse-item']//span[@aria-label='right']//*[name()='svg']
[2024-09-17T19:09:42.051] [INFO] default - in if
[2024-09-17T19:09:42.092] [INFO] default - in click
[2024-09-17T19:09:43.084] [INFO] default - After Each 
[2024-09-17T19:09:43.097] [INFO] default - After ALL
[2024-09-17T19:09:44.101] [INFO] default - Created custom screenshot  afterEach.png
[2024-09-17T19:09:44.909] [INFO] default - In performAction
[2024-09-17T19:09:44.911] [INFO] default - In getElementHandleByXpath  //div[text()="Notification Banner"]//parent::div//child::span[@class="anticon anticon-right ant-collapse-arrow"]//*[name()="svg"]
[2024-09-17T19:09:44.912] [INFO] default - in if
[2024-09-17T19:09:44.945] [INFO] default - in click
[2024-09-17T19:09:47.002] [INFO] default - In performAction
[2024-09-17T19:09:47.005] [INFO] default - In getElementHandleByXpath  //span[text()="Create Banner"]//parent::button[@type="button"]//span[@class="anticon anticon-plus"]
[2024-09-17T19:09:47.007] [INFO] default - in if
[2024-09-17T19:09:47.049] [INFO] default - in click
[2024-09-17T19:09:49.157] [INFO] default - In performAction
[2024-09-17T19:09:49.161] [INFO] default - In getElementHandleByXpath  //div[@class='rdw-editor-main']
[2024-09-17T19:09:49.163] [INFO] default - in if
[2024-09-17T19:09:49.200] [INFO] default - in click
[2024-09-17T19:09:51.239] [INFO] default - In performAction
[2024-09-17T19:09:51.242] [INFO] default - In getElementHandleByXpath  //div[@class='rdw-editor-main']
[2024-09-17T19:09:51.243] [INFO] default - in if
[2024-09-17T19:09:51.286] [INFO] default - in type 1 Hi This is a new Feature
[2024-09-17T19:09:54.209] [INFO] default - In performAction
[2024-09-17T19:09:54.212] [INFO] default - In getElementHandleByXpath  //span[text()="Save"]//parent::button
[2024-09-17T19:09:54.213] [INFO] default - in if
[2024-09-17T19:09:54.323] [INFO] default - in click
[2024-09-17T19:09:56.408] [INFO] default - In performAction
[2024-09-17T19:09:56.411] [INFO] default - In getElementHandleByXpath  //label[@class="email-switch-label"]
[2024-09-17T19:09:56.412] [INFO] default - in if
[2024-09-17T19:10:14.916] [INFO] default - Ending After all
[2024-09-17T19:10:15.097] [ERROR] default - ProtocolError: Protocol error (Runtime.callFunctionOn): Target closed.
    at C:\Users\skovvuri\Desktop\ota_automation\notification_banner\qa-workflowautomation\node_modules\puppeteer\src\common\Connection.ts:304:16
    at new Promise (<anonymous>)
    at CDPSession.send (C:\Users\skovvuri\Desktop\ota_automation\notification_banner\qa-workflowautomation\node_modules\puppeteer\src\common\Connection.ts:300:12)
    at ExecutionContext._evaluateInternal (C:\Users\skovvuri\Desktop\ota_automation\notification_banner\qa-workflowautomation\node_modules\puppeteer\src\common\ExecutionContext.ts:254:44)
    at ExecutionContext.evaluateHandle (C:\Users\skovvuri\Desktop\ota_automation\notification_banner\qa-workflowautomation\node_modules\puppeteer\src\common\ExecutionContext.ts:193:17)
    at WaitTask.rerun (C:\Users\skovvuri\Desktop\ota_automation\notification_banner\qa-workflowautomation\node_modules\puppeteer\src\common\DOMWorld.ts:841:31) {
  originalMessage: ''
}
[2024-09-17T19:10:15.116] [ERROR] default - Unable to get element handle by xpath {} //label[@class="email-switch-label"]
[2024-09-17T19:10:17.120] [INFO] default - In performAction
[2024-09-17T19:10:17.121] [INFO] default - In getElementHandleByXpath  //aside//a[@href[starts-with(.,'/dashboard')]]
[2024-09-17T19:10:17.121] [INFO] default - in if
[2024-09-17T19:10:17.124] [ERROR] default - Error: Protocol error (Runtime.callFunctionOn): Session closed. Most likely the page has been closed.
    at CDPSession.send (C:\Users\skovvuri\Desktop\ota_automation\notification_banner\qa-workflowautomation\node_modules\puppeteer\src\common\Connection.ts:286:9)
    at ExecutionContext._evaluateInternal (C:\Users\skovvuri\Desktop\ota_automation\notification_banner\qa-workflowautomation\node_modules\puppeteer\src\common\ExecutionContext.ts:254:44)
    at ExecutionContext.evaluateHandle (C:\Users\skovvuri\Desktop\ota_automation\notification_banner\qa-workflowautomation\node_modules\puppeteer\src\common\ExecutionContext.ts:193:17)
    at WaitTask.rerun (C:\Users\skovvuri\Desktop\ota_automation\notification_banner\qa-workflowautomation\node_modules\puppeteer\src\common\DOMWorld.ts:841:31)
[2024-09-17T19:10:17.126] [ERROR] default - Unable to get element handle by xpath {} //aside//a[@href[starts-with(.,'/dashboard')]]
