[2024-09-17T18:30:07.398] [INFO] default - Registering the reporter globally
[2024-09-17T18:30:13.953] [INFO] default - Before all
[2024-09-17T18:30:13.968] [INFO] default - global.env = ota_nb
[2024-09-17T18:30:14.000] [INFO] default - env = ota_nb
[2024-09-17T18:30:14.044] [INFO] default - Navigating to https://dailyregr.remoteaccess.view.com/
[2024-09-17T18:30:21.535] [INFO] default - Created custom screenshot  loginPage.png
[2024-09-17T18:30:21.929] [INFO] default - Navigating to using expect click
[2024-09-17T18:30:25.905] [INFO] default - Hit login
[2024-09-17T18:30:42.031] [INFO] default - Before Each 
[2024-09-17T18:30:42.041] [INFO] default - In givenAdminLoggedIn
[2024-09-17T18:30:45.614] [INFO] default - Created custom screenshot  givenAdminLoggedIn.png
[2024-09-17T18:30:45.622] [INFO] default - In performAction
[2024-09-17T18:30:45.623] [INFO] default - In getElementHandleByXpath  //aside//a[@href[contains(.,'orginfo')]]
[2024-09-17T18:30:45.626] [INFO] default - in if
[2024-09-17T18:30:46.841] [INFO] default - in click
[2024-09-17T18:30:49.442] [INFO] default - In performAction
[2024-09-17T18:30:49.446] [INFO] default - In getElementHandleByXpath  //div[@class='ant-collapse-item']//span[@aria-label='right']//*[name()='svg']
[2024-09-17T18:30:49.447] [INFO] default - in if
[2024-09-17T18:30:49.486] [INFO] default - in click
[2024-09-17T18:30:50.610] [INFO] default - After Each 
[2024-09-17T18:30:50.621] [INFO] default - After ALL
[2024-09-17T18:30:51.557] [INFO] default - Created custom screenshot  afterEach.png
[2024-09-17T18:30:52.436] [INFO] default - In performAction
[2024-09-17T18:30:52.440] [INFO] default - In getElementHandleByXpath  //div[text()="Notification Banner"]//parent::div//child::span[@class="anticon anticon-right ant-collapse-arrow"]//*[name()="svg"]
[2024-09-17T18:30:52.441] [INFO] default - in if
[2024-09-17T18:30:52.480] [INFO] default - in click
[2024-09-17T18:30:54.522] [INFO] default - In performAction
[2024-09-17T18:30:54.524] [INFO] default - In getElementHandleByXpath  //span[text()="Create Banner"]//parent::button[@type="button"]//span[@class="anticon anticon-plus"]
[2024-09-17T18:30:54.524] [INFO] default - in if
[2024-09-17T18:30:54.550] [INFO] default - in click
[2024-09-17T18:30:56.639] [INFO] default - In performAction
[2024-09-17T18:30:56.641] [INFO] default - In getElementHandleByXpath  //div[@class='rdw-editor-main']
[2024-09-17T18:30:56.642] [INFO] default - in if
[2024-09-17T18:30:56.665] [INFO] default - in click
[2024-09-17T18:30:58.703] [INFO] default - In performAction
[2024-09-17T18:30:58.706] [INFO] default - In getElementHandleByXpath  //div[@class='rdw-editor-main']
[2024-09-17T18:30:58.707] [INFO] default - in if
[2024-09-17T18:30:58.750] [INFO] default - in type 1 Hi This is a new Feature
[2024-09-17T18:31:01.660] [INFO] default - In performAction
[2024-09-17T18:31:01.663] [INFO] default - In getElementHandleByXpath  //span[text()="Save"]//parent::button
[2024-09-17T18:31:01.665] [INFO] default - in if
[2024-09-17T18:31:01.711] [INFO] default - in click
[2024-09-17T18:31:22.547] [INFO] default - Ending After all
