[2024-09-17T18:55:14.146] [INFO] default - Registering the reporter globally
[2024-09-17T18:55:19.868] [INFO] default - Before all
[2024-09-17T18:55:19.874] [INFO] default - global.env = ota_nb
[2024-09-17T18:55:19.912] [INFO] default - env = ota_nb
[2024-09-17T18:55:19.956] [INFO] default - Navigating to https://dailyregr.remoteaccess.view.com/
[2024-09-17T18:55:37.577] [INFO] default - Created custom screenshot  loginPage.png
[2024-09-17T18:55:37.896] [INFO] default - Navigating to using expect click
[2024-09-17T18:55:40.966] [INFO] default - Hit login
[2024-09-17T18:55:57.100] [INFO] default - Before Each 
[2024-09-17T18:55:57.106] [INFO] default - In givenAdminLoggedIn
[2024-09-17T18:55:57.995] [INFO] default - Created custom screenshot  givenAdminLoggedIn.png
[2024-09-17T18:55:58.007] [INFO] default - In performAction
[2024-09-17T18:55:58.008] [INFO] default - In getElementHandleByXpath  //aside//a[@href[contains(.,'orginfo')]]
[2024-09-17T18:55:58.009] [INFO] default - in if
[2024-09-17T18:55:58.053] [INFO] default - in click
[2024-09-17T18:56:00.455] [INFO] default - In performAction
[2024-09-17T18:56:00.459] [INFO] default - In getElementHandleByXpath  //div[@class='ant-collapse-item']//span[@aria-label='right']//*[name()='svg']
[2024-09-17T18:56:00.460] [INFO] default - in if
[2024-09-17T18:56:00.499] [INFO] default - in click
[2024-09-17T18:56:00.909] [INFO] default - After Each 
[2024-09-17T18:56:00.922] [INFO] default - After ALL
[2024-09-17T18:56:01.429] [INFO] default - Created custom screenshot  afterEach.png
[2024-09-17T18:56:02.795] [INFO] default - In performAction
[2024-09-17T18:56:02.798] [INFO] default - In getElementHandleByXpath  //div[text()="Notification Banner"]//parent::div//child::span[@class="anticon anticon-right ant-collapse-arrow"]//*[name()="svg"]
[2024-09-17T18:56:02.799] [INFO] default - in if
[2024-09-17T18:56:02.838] [INFO] default - in click
[2024-09-17T18:56:04.897] [INFO] default - In performAction
[2024-09-17T18:56:04.901] [INFO] default - In getElementHandleByXpath  //span[text()="Create Banner"]//parent::button[@type="button"]//span[@class="anticon anticon-plus"]
[2024-09-17T18:56:04.902] [INFO] default - in if
[2024-09-17T18:56:04.940] [INFO] default - in click
[2024-09-17T18:56:07.037] [INFO] default - In performAction
[2024-09-17T18:56:07.042] [INFO] default - In getElementHandleByXpath  //div[@class='rdw-editor-main']
[2024-09-17T18:56:07.043] [INFO] default - in if
[2024-09-17T18:56:07.082] [INFO] default - in click
[2024-09-17T18:56:09.140] [INFO] default - In performAction
[2024-09-17T18:56:09.143] [INFO] default - In getElementHandleByXpath  //div[@class='rdw-editor-main']
[2024-09-17T18:56:09.145] [INFO] default - in if
[2024-09-17T18:56:09.181] [INFO] default - in type 1 Hi This is a new Feature
[2024-09-17T18:56:11.763] [INFO] default - In performAction
[2024-09-17T18:56:11.765] [INFO] default - In getElementHandleByXpath  //span[text()="Save"]//parent::button
[2024-09-17T18:56:11.766] [INFO] default - in if
[2024-09-17T18:56:31.811] [INFO] default - Ending After all
[2024-09-17T18:56:31.930] [ERROR] default - ProtocolError: Protocol error (Runtime.callFunctionOn): Target closed.
    at C:\Users\skovvuri\Desktop\ota_automation\notification_banner\qa-workflowautomation\node_modules\puppeteer\src\common\Connection.ts:304:16
    at new Promise (<anonymous>)
    at CDPSession.send (C:\Users\skovvuri\Desktop\ota_automation\notification_banner\qa-workflowautomation\node_modules\puppeteer\src\common\Connection.ts:300:12)
    at ExecutionContext._evaluateInternal (C:\Users\skovvuri\Desktop\ota_automation\notification_banner\qa-workflowautomation\node_modules\puppeteer\src\common\ExecutionContext.ts:254:44)
    at ExecutionContext.evaluateHandle (C:\Users\skovvuri\Desktop\ota_automation\notification_banner\qa-workflowautomation\node_modules\puppeteer\src\common\ExecutionContext.ts:193:17)
    at WaitTask.rerun (C:\Users\skovvuri\Desktop\ota_automation\notification_banner\qa-workflowautomation\node_modules\puppeteer\src\common\DOMWorld.ts:841:31)
    at runMicrotasks (<anonymous>)
    at processTicksAndRejections (node:internal/process/task_queues:96:5) {
  originalMessage: ''
}
[2024-09-17T18:56:31.934] [ERROR] default - Unable to get element handle by xpath {} //span[text()="Save"]//parent::button
[2024-09-17T18:56:33.945] [INFO] default - In performAction
[2024-09-17T18:56:33.946] [INFO] default - In getElementHandleByXpath  //label[@class="email-switch-label"]
[2024-09-17T18:56:33.946] [INFO] default - in if
[2024-09-17T18:56:33.948] [ERROR] default - Error: Protocol error (Runtime.callFunctionOn): Session closed. Most likely the page has been closed.
    at CDPSession.send (C:\Users\skovvuri\Desktop\ota_automation\notification_banner\qa-workflowautomation\node_modules\puppeteer\src\common\Connection.ts:286:9)
    at ExecutionContext._evaluateInternal (C:\Users\skovvuri\Desktop\ota_automation\notification_banner\qa-workflowautomation\node_modules\puppeteer\src\common\ExecutionContext.ts:254:44)
    at ExecutionContext.evaluateHandle (C:\Users\skovvuri\Desktop\ota_automation\notification_banner\qa-workflowautomation\node_modules\puppeteer\src\common\ExecutionContext.ts:193:17)
    at WaitTask.rerun (C:\Users\skovvuri\Desktop\ota_automation\notification_banner\qa-workflowautomation\node_modules\puppeteer\src\common\DOMWorld.ts:841:31)
[2024-09-17T18:56:33.950] [ERROR] default - Unable to get element handle by xpath {} //label[@class="email-switch-label"]
[2024-09-17T18:56:35.954] [INFO] default - In performAction
[2024-09-17T18:56:35.954] [INFO] default - In getElementHandleByXpath  //aside//a[@href[starts-with(.,'/dashboard')]]
[2024-09-17T18:56:35.955] [INFO] default - in if
[2024-09-17T18:56:35.957] [ERROR] default - Error: Protocol error (Runtime.callFunctionOn): Session closed. Most likely the page has been closed.
    at CDPSession.send (C:\Users\skovvuri\Desktop\ota_automation\notification_banner\qa-workflowautomation\node_modules\puppeteer\src\common\Connection.ts:286:9)
    at ExecutionContext._evaluateInternal (C:\Users\skovvuri\Desktop\ota_automation\notification_banner\qa-workflowautomation\node_modules\puppeteer\src\common\ExecutionContext.ts:254:44)
    at ExecutionContext.evaluateHandle (C:\Users\skovvuri\Desktop\ota_automation\notification_banner\qa-workflowautomation\node_modules\puppeteer\src\common\ExecutionContext.ts:193:17)
    at WaitTask.rerun (C:\Users\skovvuri\Desktop\ota_automation\notification_banner\qa-workflowautomation\node_modules\puppeteer\src\common\DOMWorld.ts:841:31)
[2024-09-17T18:56:35.959] [ERROR] default - Unable to get element handle by xpath {} //aside//a[@href[starts-with(.,'/dashboard')]]
