[2024-09-17T20:29:48.110] [INFO] default - Registering the reporter globally
[2024-09-17T20:29:56.746] [INFO] default - Before all
[2024-09-17T20:29:56.751] [INFO] default - global.env = ota_nb
[2024-09-17T20:29:56.802] [INFO] default - env = ota_nb
[2024-09-17T20:29:56.864] [INFO] default - Navigating to https://dailyregr.remoteaccess.view.com/
[2024-09-17T20:30:07.205] [INFO] default - Created custom screenshot  loginPage.png
[2024-09-17T20:30:07.624] [INFO] default - Navigating to using expect click
[2024-09-17T20:30:10.885] [INFO] default - Hit login
[2024-09-17T20:30:27.048] [INFO] default - Before Each 
[2024-09-17T20:30:27.054] [INFO] default - In givenAdminLoggedIn
[2024-09-17T20:30:28.719] [INFO] default - Created custom screenshot  givenAdminLoggedIn.png
[2024-09-17T20:30:28.731] [INFO] default - In performAction
[2024-09-17T20:30:28.733] [INFO] default - In getElementHandleByXpath  //aside//a[@href[contains(.,'orginfo')]]
[2024-09-17T20:30:28.745] [INFO] default - in if
[2024-09-17T20:30:29.183] [INFO] default - in click
[2024-09-17T20:30:31.579] [INFO] default - In performAction
[2024-09-17T20:30:31.582] [INFO] default - In getElementHandleByXpath  //div[@class='ant-collapse-item']//span[@aria-label='right']//*[name()='svg']
[2024-09-17T20:30:31.583] [INFO] default - in if
[2024-09-17T20:30:31.621] [INFO] default - in click
[2024-09-17T20:30:32.524] [INFO] default - After Each 
[2024-09-17T20:30:32.534] [INFO] default - After ALL
[2024-09-17T20:30:32.997] [INFO] default - Created custom screenshot  afterEach.png
[2024-09-17T20:30:34.028] [INFO] default - In performAction
[2024-09-17T20:30:34.031] [INFO] default - In getElementHandleByXpath  //div[text()="Notification Banner"]//parent::div//child::span[@class="anticon anticon-right ant-collapse-arrow"]//*[name()="svg"]
[2024-09-17T20:30:34.032] [INFO] default - in if
[2024-09-17T20:30:34.069] [INFO] default - in click
[2024-09-17T20:30:36.132] [INFO] default - In performAction
[2024-09-17T20:30:36.136] [INFO] default - In getElementHandleByXpath  //span[text()="Create Banner"]//parent::button[@type="button"]//span[@class="anticon anticon-plus"]
[2024-09-17T20:30:36.137] [INFO] default - in if
[2024-09-17T20:30:36.181] [INFO] default - in click
[2024-09-17T20:30:38.367] [INFO] default - In performAction
[2024-09-17T20:30:38.370] [INFO] default - In getElementHandleByXpath  //div[@class='rdw-editor-main']
[2024-09-17T20:30:38.371] [INFO] default - in if
[2024-09-17T20:30:38.408] [INFO] default - in click
[2024-09-17T20:30:40.470] [INFO] default - In performAction
[2024-09-17T20:30:40.473] [INFO] default - In getElementHandleByXpath  //div[@class='rdw-editor-main']
[2024-09-17T20:30:40.474] [INFO] default - in if
[2024-09-17T20:30:40.513] [INFO] default - in type 1 Hi This is a new Feature
[2024-09-17T20:30:43.971] [INFO] default - In performAction
[2024-09-17T20:30:43.974] [INFO] default - In getElementHandleByXpath  //span[text()="Save"]//parent::button
[2024-09-17T20:30:43.975] [INFO] default - in if
[2024-09-17T20:31:03.637] [INFO] default - Ending After all
[2024-09-17T20:31:03.762] [ERROR] default - ProtocolError: Protocol error (Runtime.callFunctionOn): Target closed.
    at C:\Users\skovvuri\Desktop\ota_automation\notification_banner\qa-workflowautomation\node_modules\puppeteer\src\common\Connection.ts:304:16
    at new Promise (<anonymous>)
    at CDPSession.send (C:\Users\skovvuri\Desktop\ota_automation\notification_banner\qa-workflowautomation\node_modules\puppeteer\src\common\Connection.ts:300:12)
    at ExecutionContext._evaluateInternal (C:\Users\skovvuri\Desktop\ota_automation\notification_banner\qa-workflowautomation\node_modules\puppeteer\src\common\ExecutionContext.ts:254:44)
    at ExecutionContext.evaluateHandle (C:\Users\skovvuri\Desktop\ota_automation\notification_banner\qa-workflowautomation\node_modules\puppeteer\src\common\ExecutionContext.ts:193:17)
    at WaitTask.rerun (C:\Users\skovvuri\Desktop\ota_automation\notification_banner\qa-workflowautomation\node_modules\puppeteer\src\common\DOMWorld.ts:841:31)
    at runMicrotasks (<anonymous>)
    at processTicksAndRejections (node:internal/process/task_queues:96:5) {
  originalMessage: ''
}
[2024-09-17T20:31:03.769] [ERROR] default - Unable to get element handle by xpath {} //span[text()="Save"]//parent::button
[2024-09-17T20:31:05.773] [INFO] default - In performAction
[2024-09-17T20:31:05.774] [INFO] default - In getElementHandleByXpath  //label[@class="email-switch-label"]
[2024-09-17T20:31:05.775] [INFO] default - in if
[2024-09-17T20:31:05.777] [ERROR] default - Error: Protocol error (Runtime.callFunctionOn): Session closed. Most likely the page has been closed.
    at CDPSession.send (C:\Users\skovvuri\Desktop\ota_automation\notification_banner\qa-workflowautomation\node_modules\puppeteer\src\common\Connection.ts:286:9)
    at ExecutionContext._evaluateInternal (C:\Users\skovvuri\Desktop\ota_automation\notification_banner\qa-workflowautomation\node_modules\puppeteer\src\common\ExecutionContext.ts:254:44)
    at ExecutionContext.evaluateHandle (C:\Users\skovvuri\Desktop\ota_automation\notification_banner\qa-workflowautomation\node_modules\puppeteer\src\common\ExecutionContext.ts:193:17)
    at WaitTask.rerun (C:\Users\skovvuri\Desktop\ota_automation\notification_banner\qa-workflowautomation\node_modules\puppeteer\src\common\DOMWorld.ts:841:31)
[2024-09-17T20:31:05.781] [ERROR] default - Unable to get element handle by xpath {} //label[@class="email-switch-label"]
[2024-09-17T20:31:07.795] [INFO] default - In performAction
[2024-09-17T20:31:07.796] [INFO] default - In getElementHandleByXpath  //aside//a[@href[starts-with(.,'/dashboard')]]
[2024-09-17T20:31:07.797] [INFO] default - in if
[2024-09-17T20:31:07.802] [ERROR] default - Error: Protocol error (Runtime.callFunctionOn): Session closed. Most likely the page has been closed.
    at CDPSession.send (C:\Users\skovvuri\Desktop\ota_automation\notification_banner\qa-workflowautomation\node_modules\puppeteer\src\common\Connection.ts:286:9)
    at ExecutionContext._evaluateInternal (C:\Users\skovvuri\Desktop\ota_automation\notification_banner\qa-workflowautomation\node_modules\puppeteer\src\common\ExecutionContext.ts:254:44)
    at ExecutionContext.evaluateHandle (C:\Users\skovvuri\Desktop\ota_automation\notification_banner\qa-workflowautomation\node_modules\puppeteer\src\common\ExecutionContext.ts:193:17)
    at WaitTask.rerun (C:\Users\skovvuri\Desktop\ota_automation\notification_banner\qa-workflowautomation\node_modules\puppeteer\src\common\DOMWorld.ts:841:31)
[2024-09-17T20:31:07.804] [ERROR] default - Unable to get element handle by xpath {} //aside//a[@href[starts-with(.,'/dashboard')]]
