[2024-09-17T20:24:18.125] [INFO] default - Registering the reporter globally
[2024-09-17T20:24:30.238] [INFO] default - Before all
[2024-09-17T20:24:30.245] [INFO] default - global.env = ota_nb
[2024-09-17T20:24:30.285] [INFO] default - env = ota_nb
[2024-09-17T20:24:30.335] [INFO] default - Navigating to https://dailyregr.remoteaccess.view.com/
[2024-09-17T20:24:44.874] [INFO] default - Created custom screenshot  loginPage.png
[2024-09-17T20:24:45.295] [INFO] default - Navigating to using expect click
[2024-09-17T20:24:47.377] [INFO] default - Hit login
[2024-09-17T20:25:03.527] [INFO] default - Before Each 
[2024-09-17T20:25:03.537] [INFO] default - In givenAdminLoggedIn
[2024-09-17T20:25:05.446] [INFO] default - Created custom screenshot  givenAdminLoggedIn.png
[2024-09-17T20:25:05.458] [INFO] default - In performAction
[2024-09-17T20:25:05.459] [INFO] default - In getElementHandleByXpath  //aside//a[@href[contains(.,'orginfo')]]
[2024-09-17T20:25:05.459] [INFO] default - in if
[2024-09-17T20:25:05.497] [INFO] default - in click
[2024-09-17T20:25:08.226] [INFO] default - In performAction
[2024-09-17T20:25:08.229] [INFO] default - In getElementHandleByXpath  //div[@class='ant-collapse-item']//span[@aria-label='right']//*[name()='svg']
[2024-09-17T20:25:08.230] [INFO] default - in if
[2024-09-17T20:25:08.268] [INFO] default - in click
[2024-09-17T20:25:09.387] [INFO] default - After Each 
[2024-09-17T20:25:09.400] [INFO] default - After ALL
[2024-09-17T20:25:10.457] [INFO] default - Created custom screenshot  afterEach.png
[2024-09-17T20:25:11.211] [INFO] default - In performAction
[2024-09-17T20:25:11.214] [INFO] default - In getElementHandleByXpath  //div[text()="Notification Banner"]//parent::div//child::span[@class="anticon anticon-right ant-collapse-arrow"]//*[name()="svg"]
[2024-09-17T20:25:11.215] [INFO] default - in if
[2024-09-17T20:25:11.250] [INFO] default - in click
[2024-09-17T20:25:13.325] [INFO] default - In performAction
[2024-09-17T20:25:13.327] [INFO] default - In getElementHandleByXpath  //span[text()="Create Banner"]//parent::button[@type="button"]//span[@class="anticon anticon-plus"]
[2024-09-17T20:25:13.328] [INFO] default - in if
[2024-09-17T20:25:13.358] [INFO] default - in click
[2024-09-17T20:25:15.452] [INFO] default - In performAction
[2024-09-17T20:25:15.455] [INFO] default - In getElementHandleByXpath  //div[@class='rdw-editor-main']
[2024-09-17T20:25:15.456] [INFO] default - in if
[2024-09-17T20:25:15.487] [INFO] default - in click
[2024-09-17T20:25:17.524] [INFO] default - In performAction
[2024-09-17T20:25:17.527] [INFO] default - In getElementHandleByXpath  //div[@class='rdw-editor-main']
[2024-09-17T20:25:17.528] [INFO] default - in if
[2024-09-17T20:25:17.562] [INFO] default - in type 1 Hi This is a new Feature
[2024-09-17T20:25:20.545] [INFO] default - In performAction
[2024-09-17T20:25:20.549] [INFO] default - In getElementHandleByXpath  //span[text()="Save"]//parent::button
[2024-09-17T20:25:20.550] [INFO] default - in if
[2024-09-17T20:25:20.590] [INFO] default - in click
[2024-09-17T20:25:22.697] [INFO] default - In performAction
[2024-09-17T20:25:22.700] [INFO] default - In getElementHandleByXpath  //label[@class="email-switch-label"]
[2024-09-17T20:25:22.701] [INFO] default - in if
[2024-09-17T20:25:22.745] [INFO] default - in click
[2024-09-17T20:25:24.833] [INFO] default - In performAction
[2024-09-17T20:25:24.836] [INFO] default - In getElementHandleByXpath  //aside//a[@href[starts-with(.,'/dashboard')]]
[2024-09-17T20:25:24.837] [INFO] default - in if
[2024-09-17T20:25:24.874] [INFO] default - in click
[2024-09-17T20:25:41.263] [INFO] default - In getElementHandleByXpath  //div[@class="banner-row-fixed-layout"]//following-sibling::span[@class="banner-message-layout"]
[2024-09-17T20:25:41.265] [INFO] default - in if
[2024-09-17T20:25:41.328] [INFO] default - Hi This is a new Feature

[2024-09-17T20:25:50.519] [INFO] default - Ignorable exception, possibly have already logged out
[2024-09-17T20:25:50.521] [INFO] default - TimeoutError: waiting for selector `a[href*="logout"]` failed: timeout 30000ms exceeded
    at new WaitTask (C:\Users\skovvuri\Desktop\ota_automation\notification_banner\qa-workflowautomation\node_modules\puppeteer\src\common\DOMWorld.ts:813:28)
    at DOMWorld.waitForSelectorInPage (C:\Users\skovvuri\Desktop\ota_automation\notification_banner\qa-workflowautomation\node_modules\puppeteer\src\common\DOMWorld.ts:656:22)
    at Object.internalHandler.waitFor (C:\Users\skovvuri\Desktop\ota_automation\notification_banner\qa-workflowautomation\node_modules\puppeteer\src\common\QueryHandler.ts:78:19)
    at DOMWorld.waitForSelector (C:\Users\skovvuri\Desktop\ota_automation\notification_banner\qa-workflowautomation\node_modules\puppeteer\src\common\DOMWorld.ts:511:25)
    at Frame.waitForSelector (C:\Users\skovvuri\Desktop\ota_automation\notification_banner\qa-workflowautomation\node_modules\puppeteer\src\common\FrameManager.ts:1290:47)
    at Page.waitForSelector (C:\Users\skovvuri\Desktop\ota_automation\notification_banner\qa-workflowautomation\node_modules\puppeteer\src\common\Page.ts:3222:29)
    at Object.<anonymous> (C:\Users\skovvuri\Desktop\ota_automation\notification_banner\qa-workflowautomation\otae2e\test-specifications\otanotificationbanner.spec.js:48:32)
    at runMicrotasks (<anonymous>)
    at processTicksAndRejections (node:internal/process/task_queues:96:5)
[2024-09-17T20:25:50.575] [INFO] default - Ending After all
