[2024-09-17T19:44:19.562] [INFO] default - Registering the reporter globally
[2024-09-17T19:44:24.079] [INFO] default - Before all
[2024-09-17T19:44:24.084] [INFO] default - global.env = ota_nb
[2024-09-17T19:44:24.113] [INFO] default - env = ota_nb
[2024-09-17T19:44:24.148] [INFO] default - Navigating to https://dailyregr.remoteaccess.view.com/
[2024-09-17T19:44:30.662] [INFO] default - Created custom screenshot  loginPage.png
[2024-09-17T19:44:30.938] [INFO] default - Navigating to using expect click
[2024-09-17T19:44:33.635] [INFO] default - Hit login
[2024-09-17T19:44:49.727] [INFO] default - Before Each 
[2024-09-17T19:44:49.733] [INFO] default - In givenAdminLoggedIn
[2024-09-17T19:44:50.582] [INFO] default - Created custom screenshot  givenAdminLoggedIn.png
[2024-09-17T19:44:50.588] [INFO] default - In performAction
[2024-09-17T19:44:50.588] [INFO] default - In getElementHandleByXpath  //aside//a[@href[contains(.,'orginfo')]]
[2024-09-17T19:44:50.589] [INFO] default - in if
[2024-09-17T19:44:50.610] [INFO] default - in click
[2024-09-17T19:44:52.877] [INFO] default - In performAction
[2024-09-17T19:44:52.880] [INFO] default - In getElementHandleByXpath  //div[@class='ant-collapse-item']//span[@aria-label='right']//*[name()='svg']
[2024-09-17T19:44:52.880] [INFO] default - in if
[2024-09-17T19:44:52.900] [INFO] default - in click
[2024-09-17T19:44:53.508] [INFO] default - After Each 
[2024-09-17T19:44:53.514] [INFO] default - After ALL
[2024-09-17T19:44:53.823] [INFO] default - Created custom screenshot  afterEach.png
[2024-09-17T19:44:55.448] [INFO] default - In performAction
[2024-09-17T19:44:55.451] [INFO] default - In getElementHandleByXpath  //div[text()="Notification Banner"]//parent::div//child::span[@class="anticon anticon-right ant-collapse-arrow"]//*[name()="svg"]
[2024-09-17T19:44:55.451] [INFO] default - in if
[2024-09-17T19:44:55.491] [INFO] default - in click
[2024-09-17T19:44:57.564] [INFO] default - In performAction
[2024-09-17T19:44:57.566] [INFO] default - In getElementHandleByXpath  //span[text()="Create Banner"]//parent::button[@type="button"]//span[@class="anticon anticon-plus"]
[2024-09-17T19:44:57.567] [INFO] default - in if
[2024-09-17T19:44:57.588] [INFO] default - in click
[2024-09-17T19:44:59.681] [INFO] default - In performAction
[2024-09-17T19:44:59.684] [INFO] default - In getElementHandleByXpath  //div[@class='rdw-editor-main']
[2024-09-17T19:44:59.685] [INFO] default - in if
[2024-09-17T19:44:59.716] [INFO] default - in click
[2024-09-17T19:45:01.753] [INFO] default - In performAction
[2024-09-17T19:45:01.756] [INFO] default - In getElementHandleByXpath  //div[@class='rdw-editor-main']
[2024-09-17T19:45:01.757] [INFO] default - in if
[2024-09-17T19:45:01.783] [INFO] default - in type 1 Hi This is a new Feature
[2024-09-17T19:45:04.240] [INFO] default - In performAction
[2024-09-17T19:45:04.241] [INFO] default - In getElementHandleByXpath  //div[@title='Link']
[2024-09-17T19:45:04.242] [INFO] default - in if
[2024-09-17T19:45:24.218] [INFO] default - Ending After all
[2024-09-17T19:45:24.298] [ERROR] default - ProtocolError: Protocol error (Runtime.callFunctionOn): Target closed.
    at C:\Users\skovvuri\Desktop\ota_automation\notification_banner\qa-workflowautomation\node_modules\puppeteer\src\common\Connection.ts:304:16
    at new Promise (<anonymous>)
    at CDPSession.send (C:\Users\skovvuri\Desktop\ota_automation\notification_banner\qa-workflowautomation\node_modules\puppeteer\src\common\Connection.ts:300:12)
    at ExecutionContext._evaluateInternal (C:\Users\skovvuri\Desktop\ota_automation\notification_banner\qa-workflowautomation\node_modules\puppeteer\src\common\ExecutionContext.ts:254:44)
    at ExecutionContext.evaluateHandle (C:\Users\skovvuri\Desktop\ota_automation\notification_banner\qa-workflowautomation\node_modules\puppeteer\src\common\ExecutionContext.ts:193:17)
    at WaitTask.rerun (C:\Users\skovvuri\Desktop\ota_automation\notification_banner\qa-workflowautomation\node_modules\puppeteer\src\common\DOMWorld.ts:841:31)
    at runMicrotasks (<anonymous>)
    at processTicksAndRejections (node:internal/process/task_queues:96:5) {
  originalMessage: ''
}
[2024-09-17T19:45:24.303] [ERROR] default - Unable to get element handle by xpath {} //div[@title='Link']
[2024-09-17T19:45:24.348] [INFO] default - In performAction
[2024-09-17T19:45:24.351] [INFO] default - In getElementHandleByXpath  //span[text()="Save"]//parent::button
[2024-09-17T19:45:24.351] [INFO] default - in if
[2024-09-17T19:45:24.353] [ERROR] default - Error: Protocol error (Runtime.callFunctionOn): Session closed. Most likely the page has been closed.
    at CDPSession.send (C:\Users\skovvuri\Desktop\ota_automation\notification_banner\qa-workflowautomation\node_modules\puppeteer\src\common\Connection.ts:286:9)
    at ExecutionContext._evaluateInternal (C:\Users\skovvuri\Desktop\ota_automation\notification_banner\qa-workflowautomation\node_modules\puppeteer\src\common\ExecutionContext.ts:254:44)
    at ExecutionContext.evaluateHandle (C:\Users\skovvuri\Desktop\ota_automation\notification_banner\qa-workflowautomation\node_modules\puppeteer\src\common\ExecutionContext.ts:193:17)
    at WaitTask.rerun (C:\Users\skovvuri\Desktop\ota_automation\notification_banner\qa-workflowautomation\node_modules\puppeteer\src\common\DOMWorld.ts:841:31)
[2024-09-17T19:45:24.354] [ERROR] default - Unable to get element handle by xpath {} //span[text()="Save"]//parent::button
[2024-09-17T19:45:26.359] [INFO] default - In performAction
[2024-09-17T19:45:26.360] [INFO] default - In getElementHandleByXpath  //label[@class="email-switch-label"]
[2024-09-17T19:45:26.360] [INFO] default - in if
[2024-09-17T19:45:26.361] [ERROR] default - Error: Protocol error (Runtime.callFunctionOn): Session closed. Most likely the page has been closed.
    at CDPSession.send (C:\Users\skovvuri\Desktop\ota_automation\notification_banner\qa-workflowautomation\node_modules\puppeteer\src\common\Connection.ts:286:9)
    at ExecutionContext._evaluateInternal (C:\Users\skovvuri\Desktop\ota_automation\notification_banner\qa-workflowautomation\node_modules\puppeteer\src\common\ExecutionContext.ts:254:44)
    at ExecutionContext.evaluateHandle (C:\Users\skovvuri\Desktop\ota_automation\notification_banner\qa-workflowautomation\node_modules\puppeteer\src\common\ExecutionContext.ts:193:17)
    at WaitTask.rerun (C:\Users\skovvuri\Desktop\ota_automation\notification_banner\qa-workflowautomation\node_modules\puppeteer\src\common\DOMWorld.ts:841:31)
[2024-09-17T19:45:26.363] [ERROR] default - Unable to get element handle by xpath {} //label[@class="email-switch-label"]
[2024-09-17T19:45:28.376] [INFO] default - In performAction
[2024-09-17T19:45:28.377] [INFO] default - In getElementHandleByXpath  //aside//a[@href[starts-with(.,'/dashboard')]]
[2024-09-17T19:45:28.377] [INFO] default - in if
[2024-09-17T19:45:28.379] [ERROR] default - Error: Protocol error (Runtime.callFunctionOn): Session closed. Most likely the page has been closed.
    at CDPSession.send (C:\Users\skovvuri\Desktop\ota_automation\notification_banner\qa-workflowautomation\node_modules\puppeteer\src\common\Connection.ts:286:9)
    at ExecutionContext._evaluateInternal (C:\Users\skovvuri\Desktop\ota_automation\notification_banner\qa-workflowautomation\node_modules\puppeteer\src\common\ExecutionContext.ts:254:44)
    at ExecutionContext.evaluateHandle (C:\Users\skovvuri\Desktop\ota_automation\notification_banner\qa-workflowautomation\node_modules\puppeteer\src\common\ExecutionContext.ts:193:17)
    at WaitTask.rerun (C:\Users\skovvuri\Desktop\ota_automation\notification_banner\qa-workflowautomation\node_modules\puppeteer\src\common\DOMWorld.ts:841:31)
[2024-09-17T19:45:28.380] [ERROR] default - Unable to get element handle by xpath {} //aside//a[@href[starts-with(.,'/dashboard')]]
