[2024-09-17T19:45:41.148] [INFO] default - Registering the reporter globally
[2024-09-17T19:45:45.324] [INFO] default - Before all
[2024-09-17T19:45:45.326] [INFO] default - global.env = ota_nb
[2024-09-17T19:45:45.339] [INFO] default - env = ota_nb
[2024-09-17T19:45:45.355] [INFO] default - Navigating to https://dailyregr.remoteaccess.view.com/
[2024-09-17T19:45:56.637] [INFO] default - Created custom screenshot  loginPage.png
[2024-09-17T19:45:56.887] [INFO] default - Navigating to using expect click
[2024-09-17T19:45:59.482] [INFO] default - Hit login
[2024-09-17T19:46:15.576] [INFO] default - Before Each 
[2024-09-17T19:46:15.581] [INFO] default - In givenAdminLoggedIn
[2024-09-17T19:46:16.505] [INFO] default - Created custom screenshot  givenAdminLoggedIn.png
[2024-09-17T19:46:16.512] [INFO] default - In performAction
[2024-09-17T19:46:16.513] [INFO] default - In getElementHandleByXpath  //aside//a[@href[contains(.,'orginfo')]]
[2024-09-17T19:46:16.514] [INFO] default - in if
[2024-09-17T19:46:16.537] [INFO] default - in click
[2024-09-17T19:46:18.942] [INFO] default - In performAction
[2024-09-17T19:46:18.945] [INFO] default - In getElementHandleByXpath  //div[@class='ant-collapse-item']//span[@aria-label='right']//*[name()='svg']
[2024-09-17T19:46:18.945] [INFO] default - in if
[2024-09-17T19:46:18.967] [INFO] default - in click
[2024-09-17T19:46:19.413] [INFO] default - After Each 
[2024-09-17T19:46:19.424] [INFO] default - After ALL
[2024-09-17T19:46:19.729] [INFO] default - Created custom screenshot  afterEach.png
[2024-09-17T19:46:21.354] [INFO] default - In performAction
[2024-09-17T19:46:21.357] [INFO] default - In getElementHandleByXpath  //div[text()="Notification Banner"]//parent::div//child::span[@class="anticon anticon-right ant-collapse-arrow"]//*[name()="svg"]
[2024-09-17T19:46:21.358] [INFO] default - in if
[2024-09-17T19:46:21.383] [INFO] default - in click
[2024-09-17T19:46:23.425] [INFO] default - In performAction
[2024-09-17T19:46:23.427] [INFO] default - In getElementHandleByXpath  //span[text()="Create Banner"]//parent::button[@type="button"]//span[@class="anticon anticon-plus"]
[2024-09-17T19:46:23.427] [INFO] default - in if
[2024-09-17T19:46:23.443] [INFO] default - in click
[2024-09-17T19:46:25.527] [INFO] default - In performAction
[2024-09-17T19:46:25.530] [INFO] default - In getElementHandleByXpath  //div[@class='rdw-editor-main']
[2024-09-17T19:46:25.531] [INFO] default - in if
[2024-09-17T19:46:25.564] [INFO] default - in click
[2024-09-17T19:46:27.612] [INFO] default - In performAction
[2024-09-17T19:46:27.615] [INFO] default - In getElementHandleByXpath  //div[@class='rdw-editor-main']
[2024-09-17T19:46:27.616] [INFO] default - in if
[2024-09-17T19:46:27.647] [INFO] default - in type 1 Hi This is a new Feature
[2024-09-17T19:46:30.330] [INFO] default - In performAction
[2024-09-17T19:46:30.333] [INFO] default - In getElementHandleByXpath  //span[text()="Save"]//parent::button
[2024-09-17T19:46:30.334] [INFO] default - in if
[2024-09-17T19:46:50.149] [INFO] default - Ending After all
[2024-09-17T19:46:50.229] [ERROR] default - ProtocolError: Protocol error (Runtime.callFunctionOn): Target closed.
    at C:\Users\skovvuri\Desktop\ota_automation\notification_banner\qa-workflowautomation\node_modules\puppeteer\src\common\Connection.ts:304:16
    at new Promise (<anonymous>)
    at CDPSession.send (C:\Users\skovvuri\Desktop\ota_automation\notification_banner\qa-workflowautomation\node_modules\puppeteer\src\common\Connection.ts:300:12)
    at ExecutionContext._evaluateInternal (C:\Users\skovvuri\Desktop\ota_automation\notification_banner\qa-workflowautomation\node_modules\puppeteer\src\common\ExecutionContext.ts:254:44)
    at ExecutionContext.evaluateHandle (C:\Users\skovvuri\Desktop\ota_automation\notification_banner\qa-workflowautomation\node_modules\puppeteer\src\common\ExecutionContext.ts:193:17)
    at WaitTask.rerun (C:\Users\skovvuri\Desktop\ota_automation\notification_banner\qa-workflowautomation\node_modules\puppeteer\src\common\DOMWorld.ts:841:31)
    at runMicrotasks (<anonymous>)
    at processTicksAndRejections (node:internal/process/task_queues:96:5) {
  originalMessage: ''
}
[2024-09-17T19:46:50.235] [ERROR] default - Unable to get element handle by xpath {} //span[text()="Save"]//parent::button
[2024-09-17T19:46:52.249] [INFO] default - In performAction
[2024-09-17T19:46:52.249] [INFO] default - In getElementHandleByXpath  //label[@class="email-switch-label"]
[2024-09-17T19:46:52.249] [INFO] default - in if
[2024-09-17T19:46:52.250] [ERROR] default - Error: Protocol error (Runtime.callFunctionOn): Session closed. Most likely the page has been closed.
    at CDPSession.send (C:\Users\skovvuri\Desktop\ota_automation\notification_banner\qa-workflowautomation\node_modules\puppeteer\src\common\Connection.ts:286:9)
    at ExecutionContext._evaluateInternal (C:\Users\skovvuri\Desktop\ota_automation\notification_banner\qa-workflowautomation\node_modules\puppeteer\src\common\ExecutionContext.ts:254:44)
    at ExecutionContext.evaluateHandle (C:\Users\skovvuri\Desktop\ota_automation\notification_banner\qa-workflowautomation\node_modules\puppeteer\src\common\ExecutionContext.ts:193:17)
    at WaitTask.rerun (C:\Users\skovvuri\Desktop\ota_automation\notification_banner\qa-workflowautomation\node_modules\puppeteer\src\common\DOMWorld.ts:841:31)
[2024-09-17T19:46:52.251] [ERROR] default - Unable to get element handle by xpath {} //label[@class="email-switch-label"]
[2024-09-17T19:46:54.253] [INFO] default - In performAction
[2024-09-17T19:46:54.253] [INFO] default - In getElementHandleByXpath  //aside//a[@href[starts-with(.,'/dashboard')]]
[2024-09-17T19:46:54.254] [INFO] default - in if
[2024-09-17T19:46:54.255] [ERROR] default - Error: Protocol error (Runtime.callFunctionOn): Session closed. Most likely the page has been closed.
    at CDPSession.send (C:\Users\skovvuri\Desktop\ota_automation\notification_banner\qa-workflowautomation\node_modules\puppeteer\src\common\Connection.ts:286:9)
    at ExecutionContext._evaluateInternal (C:\Users\skovvuri\Desktop\ota_automation\notification_banner\qa-workflowautomation\node_modules\puppeteer\src\common\ExecutionContext.ts:254:44)
    at ExecutionContext.evaluateHandle (C:\Users\skovvuri\Desktop\ota_automation\notification_banner\qa-workflowautomation\node_modules\puppeteer\src\common\ExecutionContext.ts:193:17)
    at WaitTask.rerun (C:\Users\skovvuri\Desktop\ota_automation\notification_banner\qa-workflowautomation\node_modules\puppeteer\src\common\DOMWorld.ts:841:31)
[2024-09-17T19:46:54.256] [ERROR] default - Unable to get element handle by xpath {} //aside//a[@href[starts-with(.,'/dashboard')]]
[2024-09-17T19:46:56.261] [INFO] default - In getElementHandleByXpath  //div[@class="banner-row-fixed-layout"]//following-sibling::span[@class="banner-message-layout"]
[2024-09-17T19:46:56.261] [INFO] default - in if
[2024-09-17T19:46:56.262] [ERROR] default - Error: Protocol error (Runtime.callFunctionOn): Session closed. Most likely the page has been closed.
    at CDPSession.send (C:\Users\skovvuri\Desktop\ota_automation\notification_banner\qa-workflowautomation\node_modules\puppeteer\src\common\Connection.ts:286:9)
    at ExecutionContext._evaluateInternal (C:\Users\skovvuri\Desktop\ota_automation\notification_banner\qa-workflowautomation\node_modules\puppeteer\src\common\ExecutionContext.ts:254:44)
    at ExecutionContext.evaluateHandle (C:\Users\skovvuri\Desktop\ota_automation\notification_banner\qa-workflowautomation\node_modules\puppeteer\src\common\ExecutionContext.ts:193:17)
    at WaitTask.rerun (C:\Users\skovvuri\Desktop\ota_automation\notification_banner\qa-workflowautomation\node_modules\puppeteer\src\common\DOMWorld.ts:841:31)
[2024-09-17T19:46:56.264] [ERROR] default - Unable to get element handle by xpath {} //div[@class="banner-row-fixed-layout"]//following-sibling::span[@class="banner-message-layout"]
