[2024-09-17T20:10:37.606] [INFO] default - Registering the reporter globally
[2024-09-17T20:10:46.013] [INFO] default - Before all
[2024-09-17T20:10:46.019] [INFO] default - global.env = ota_nb
[2024-09-17T20:10:46.051] [INFO] default - env = ota_nb
[2024-09-17T20:10:46.094] [INFO] default - Navigating to https://dailyregr.remoteaccess.view.com/
[2024-09-17T20:11:03.462] [INFO] default - Created custom screenshot  loginPage.png
[2024-09-17T20:11:03.854] [INFO] default - Navigating to using expect click
[2024-09-17T20:11:07.482] [INFO] default - Hit login
[2024-09-17T20:11:23.628] [INFO] default - Before Each 
[2024-09-17T20:11:23.636] [INFO] default - In givenAdminLoggedIn
[2024-09-17T20:11:27.155] [INFO] default - Created custom screenshot  givenAdminLoggedIn.png
[2024-09-17T20:11:27.175] [INFO] default - In performAction
[2024-09-17T20:11:27.182] [INFO] default - In getElementHandleByXpath  //aside//a[@href[contains(.,'orginfo')]]
[2024-09-17T20:11:27.182] [INFO] default - in if
[2024-09-17T20:11:28.156] [INFO] default - in click
[2024-09-17T20:11:30.758] [INFO] default - In performAction
[2024-09-17T20:11:30.761] [INFO] default - In getElementHandleByXpath  //div[@class='ant-collapse-item']//span[@aria-label='right']//*[name()='svg']
[2024-09-17T20:11:30.762] [INFO] default - in if
[2024-09-17T20:11:30.806] [INFO] default - in click
[2024-09-17T20:11:31.872] [INFO] default - After Each 
[2024-09-17T20:11:31.884] [INFO] default - After ALL
[2024-09-17T20:11:32.677] [INFO] default - Created custom screenshot  afterEach.png
[2024-09-17T20:11:33.732] [INFO] default - In performAction
[2024-09-17T20:11:33.735] [INFO] default - In getElementHandleByXpath  //div[text()="Notification Banner"]//parent::div//child::span[@class="anticon anticon-right ant-collapse-arrow"]//*[name()="svg"]
[2024-09-17T20:11:33.735] [INFO] default - in if
[2024-09-17T20:11:33.778] [INFO] default - in click
[2024-09-17T20:11:35.864] [INFO] default - In performAction
[2024-09-17T20:11:35.867] [INFO] default - In getElementHandleByXpath  //span[text()="Create Banner"]//parent::button[@type="button"]//span[@class="anticon anticon-plus"]
[2024-09-17T20:11:35.868] [INFO] default - in if
[2024-09-17T20:11:35.909] [INFO] default - in click
[2024-09-17T20:11:38.172] [INFO] default - In performAction
[2024-09-17T20:11:38.174] [INFO] default - In getElementHandleByXpath  //div[@class='rdw-editor-main']
[2024-09-17T20:11:38.175] [INFO] default - in if
[2024-09-17T20:11:38.208] [INFO] default - in click
[2024-09-17T20:11:40.265] [INFO] default - In performAction
[2024-09-17T20:11:40.268] [INFO] default - In getElementHandleByXpath  //div[@class='rdw-editor-main']
[2024-09-17T20:11:40.270] [INFO] default - in if
[2024-09-17T20:11:40.310] [INFO] default - in type 1 Hi This is a new Feature
[2024-09-17T20:11:43.209] [INFO] default - In performAction
[2024-09-17T20:11:43.212] [INFO] default - In getElementHandleByXpath  //span[text()="Save"]//parent::button
[2024-09-17T20:11:43.213] [INFO] default - in if
[2024-09-17T20:12:02.966] [INFO] default - Ending After all
[2024-09-17T20:12:03.061] [ERROR] default - ProtocolError: Protocol error (Runtime.callFunctionOn): Target closed.
    at C:\Users\skovvuri\Desktop\ota_automation\notification_banner\qa-workflowautomation\node_modules\puppeteer\src\common\Connection.ts:304:16
    at new Promise (<anonymous>)
    at CDPSession.send (C:\Users\skovvuri\Desktop\ota_automation\notification_banner\qa-workflowautomation\node_modules\puppeteer\src\common\Connection.ts:300:12)
    at ExecutionContext._evaluateInternal (C:\Users\skovvuri\Desktop\ota_automation\notification_banner\qa-workflowautomation\node_modules\puppeteer\src\common\ExecutionContext.ts:254:44)
    at ExecutionContext.evaluateHandle (C:\Users\skovvuri\Desktop\ota_automation\notification_banner\qa-workflowautomation\node_modules\puppeteer\src\common\ExecutionContext.ts:193:17)
    at WaitTask.rerun (C:\Users\skovvuri\Desktop\ota_automation\notification_banner\qa-workflowautomation\node_modules\puppeteer\src\common\DOMWorld.ts:841:31)
    at runMicrotasks (<anonymous>)
    at processTicksAndRejections (node:internal/process/task_queues:96:5) {
  originalMessage: ''
}
[2024-09-17T20:12:03.071] [ERROR] default - Unable to get element handle by xpath {} //span[text()="Save"]//parent::button
[2024-09-17T20:12:05.082] [INFO] default - In performAction
[2024-09-17T20:12:05.083] [INFO] default - In getElementHandleByXpath  //label[@class="email-switch-label"]
[2024-09-17T20:12:05.083] [INFO] default - in if
[2024-09-17T20:12:05.085] [ERROR] default - Error: Protocol error (Runtime.callFunctionOn): Session closed. Most likely the page has been closed.
    at CDPSession.send (C:\Users\skovvuri\Desktop\ota_automation\notification_banner\qa-workflowautomation\node_modules\puppeteer\src\common\Connection.ts:286:9)
    at ExecutionContext._evaluateInternal (C:\Users\skovvuri\Desktop\ota_automation\notification_banner\qa-workflowautomation\node_modules\puppeteer\src\common\ExecutionContext.ts:254:44)
    at ExecutionContext.evaluateHandle (C:\Users\skovvuri\Desktop\ota_automation\notification_banner\qa-workflowautomation\node_modules\puppeteer\src\common\ExecutionContext.ts:193:17)
    at WaitTask.rerun (C:\Users\skovvuri\Desktop\ota_automation\notification_banner\qa-workflowautomation\node_modules\puppeteer\src\common\DOMWorld.ts:841:31)
[2024-09-17T20:12:05.086] [ERROR] default - Unable to get element handle by xpath {} //label[@class="email-switch-label"]
[2024-09-17T20:12:07.086] [INFO] default - In performAction
[2024-09-17T20:12:07.087] [INFO] default - In getElementHandleByXpath  //aside//a[@href[starts-with(.,'/dashboard')]]
[2024-09-17T20:12:07.087] [INFO] default - in if
[2024-09-17T20:12:07.088] [ERROR] default - Error: Protocol error (Runtime.callFunctionOn): Session closed. Most likely the page has been closed.
    at CDPSession.send (C:\Users\skovvuri\Desktop\ota_automation\notification_banner\qa-workflowautomation\node_modules\puppeteer\src\common\Connection.ts:286:9)
    at ExecutionContext._evaluateInternal (C:\Users\skovvuri\Desktop\ota_automation\notification_banner\qa-workflowautomation\node_modules\puppeteer\src\common\ExecutionContext.ts:254:44)
    at ExecutionContext.evaluateHandle (C:\Users\skovvuri\Desktop\ota_automation\notification_banner\qa-workflowautomation\node_modules\puppeteer\src\common\ExecutionContext.ts:193:17)
    at WaitTask.rerun (C:\Users\skovvuri\Desktop\ota_automation\notification_banner\qa-workflowautomation\node_modules\puppeteer\src\common\DOMWorld.ts:841:31)
[2024-09-17T20:12:07.090] [ERROR] default - Unable to get element handle by xpath {} //aside//a[@href[starts-with(.,'/dashboard')]]
