[2024-09-17T19:35:31.534] [INFO] default - Registering the reporter globally
[2024-09-17T19:35:36.231] [INFO] default - Before all
[2024-09-17T19:35:36.236] [INFO] default - global.env = ota_nb
[2024-09-17T19:35:36.264] [INFO] default - env = ota_nb
[2024-09-17T19:35:36.294] [INFO] default - Navigating to https://dailyregr.remoteaccess.view.com/
[2024-09-17T19:35:42.666] [INFO] default - Created custom screenshot  loginPage.png
[2024-09-17T19:35:42.895] [INFO] default - Navigating to using expect click
[2024-09-17T19:35:45.675] [INFO] default - Hit login
[2024-09-17T19:36:01.772] [INFO] default - Before Each 
[2024-09-17T19:36:01.776] [INFO] default - In givenAdminLoggedIn
[2024-09-17T19:36:02.795] [INFO] default - Created custom screenshot  givenAdminLoggedIn.png
[2024-09-17T19:36:02.806] [INFO] default - In performAction
[2024-09-17T19:36:02.807] [INFO] default - In getElementHandleByXpath  //aside//a[@href[contains(.,'orginfo')]]
[2024-09-17T19:36:02.807] [INFO] default - in if
[2024-09-17T19:36:02.843] [INFO] default - in click
[2024-09-17T19:36:05.151] [INFO] default - In performAction
[2024-09-17T19:36:05.153] [INFO] default - In getElementHandleByXpath  //div[@class='ant-collapse-item']//span[@aria-label='right']//*[name()='svg']
[2024-09-17T19:36:05.153] [INFO] default - in if
[2024-09-17T19:36:05.170] [INFO] default - in click
[2024-09-17T19:36:05.704] [INFO] default - After Each 
[2024-09-17T19:36:05.714] [INFO] default - After ALL
[2024-09-17T19:36:06.028] [INFO] default - Created custom screenshot  afterEach.png
[2024-09-17T19:36:07.623] [INFO] default - In performAction
[2024-09-17T19:36:07.625] [INFO] default - In getElementHandleByXpath  //div[text()="Notification Banner"]//parent::div//child::span[@class="anticon anticon-right ant-collapse-arrow"]//*[name()="svg"]
[2024-09-17T19:36:07.626] [INFO] default - in if
[2024-09-17T19:36:07.658] [INFO] default - in click
[2024-09-17T19:36:09.706] [INFO] default - In performAction
[2024-09-17T19:36:09.708] [INFO] default - In getElementHandleByXpath  //span[text()="Create Banner"]//parent::button[@type="button"]//span[@class="anticon anticon-plus"]
[2024-09-17T19:36:09.709] [INFO] default - in if
[2024-09-17T19:36:09.745] [INFO] default - in click
[2024-09-17T19:36:11.833] [INFO] default - In performAction
[2024-09-17T19:36:11.835] [INFO] default - In getElementHandleByXpath  //div[@class='rdw-editor-main']
[2024-09-17T19:36:11.835] [INFO] default - in if
[2024-09-17T19:36:11.853] [INFO] default - in click
[2024-09-17T19:36:13.881] [INFO] default - In performAction
[2024-09-17T19:36:13.883] [INFO] default - In getElementHandleByXpath  //div[@class='rdw-editor-main']
[2024-09-17T19:36:13.883] [INFO] default - in if
[2024-09-17T19:36:13.901] [INFO] default - in type 1 Hi This is a new Feature
[2024-09-17T19:36:16.519] [INFO] default - In performAction
[2024-09-17T19:36:16.523] [INFO] default - In getElementHandleByXpath  //span[text()="Save"]//parent::button
[2024-09-17T19:36:16.524] [INFO] default - in if
[2024-09-17T19:36:36.584] [INFO] default - Ending After all
[2024-09-17T19:36:36.668] [ERROR] default - ProtocolError: Protocol error (Runtime.callFunctionOn): Target closed.
    at C:\Users\skovvuri\Desktop\ota_automation\notification_banner\qa-workflowautomation\node_modules\puppeteer\src\common\Connection.ts:304:16
    at new Promise (<anonymous>)
    at CDPSession.send (C:\Users\skovvuri\Desktop\ota_automation\notification_banner\qa-workflowautomation\node_modules\puppeteer\src\common\Connection.ts:300:12)
    at ExecutionContext._evaluateInternal (C:\Users\skovvuri\Desktop\ota_automation\notification_banner\qa-workflowautomation\node_modules\puppeteer\src\common\ExecutionContext.ts:254:44)
    at ExecutionContext.evaluateHandle (C:\Users\skovvuri\Desktop\ota_automation\notification_banner\qa-workflowautomation\node_modules\puppeteer\src\common\ExecutionContext.ts:193:17)
    at WaitTask.rerun (C:\Users\skovvuri\Desktop\ota_automation\notification_banner\qa-workflowautomation\node_modules\puppeteer\src\common\DOMWorld.ts:841:31)
    at runMicrotasks (<anonymous>)
    at processTicksAndRejections (node:internal/process/task_queues:96:5) {
  originalMessage: ''
}
[2024-09-17T19:36:36.673] [ERROR] default - Unable to get element handle by xpath {} //span[text()="Save"]//parent::button
