[2024-09-17T20:26:18.282] [INFO] default - Registering the reporter globally
[2024-09-17T20:26:26.371] [INFO] default - Before all
[2024-09-17T20:26:26.378] [INFO] default - global.env = ota_nb
[2024-09-17T20:26:26.418] [INFO] default - env = ota_nb
[2024-09-17T20:26:26.465] [INFO] default - Navigating to https://dailyregr.remoteaccess.view.com/
[2024-09-17T20:26:34.008] [INFO] default - Created custom screenshot  loginPage.png
[2024-09-17T20:26:34.402] [INFO] default - Navigating to using expect click
[2024-09-17T20:26:38.041] [INFO] default - Hit login
[2024-09-17T20:26:54.161] [INFO] default - Before Each 
[2024-09-17T20:26:54.168] [INFO] default - In givenAdminLoggedIn
[2024-09-17T20:26:57.839] [INFO] default - Created custom screenshot  givenAdminLoggedIn.png
[2024-09-17T20:26:57.861] [INFO] default - In performAction
[2024-09-17T20:26:57.865] [INFO] default - In getElementHandleByXpath  //aside//a[@href[contains(.,'orginfo')]]
[2024-09-17T20:26:57.866] [INFO] default - in if
[2024-09-17T20:26:59.116] [INFO] default - in click
[2024-09-17T20:27:01.755] [INFO] default - In performAction
[2024-09-17T20:27:01.758] [INFO] default - In getElementHandleByXpath  //div[@class='ant-collapse-item']//span[@aria-label='right']//*[name()='svg']
[2024-09-17T20:27:01.759] [INFO] default - in if
[2024-09-17T20:27:01.808] [INFO] default - in click
[2024-09-17T20:27:04.790] [INFO] default - In performAction
[2024-09-17T20:27:04.793] [INFO] default - In getElementHandleByXpath  //div[text()="Notification Banner"]//parent::div//child::span[@class="anticon anticon-right ant-collapse-arrow"]//*[name()="svg"]
[2024-09-17T20:27:04.794] [INFO] default - in if
[2024-09-17T20:27:04.831] [INFO] default - in click
[2024-09-17T20:27:06.902] [INFO] default - In performAction
[2024-09-17T20:27:06.905] [INFO] default - In getElementHandleByXpath  //span[text()="Create Banner"]//parent::button[@type="button"]//span[@class="anticon anticon-plus"]
[2024-09-17T20:27:06.906] [INFO] default - in if
[2024-09-17T20:27:19.742] [INFO] default - in click
[2024-09-17T20:27:21.925] [INFO] default - In performAction
[2024-09-17T20:27:21.929] [INFO] default - In getElementHandleByXpath  //div[@class='rdw-editor-main']
[2024-09-17T20:27:21.930] [INFO] default - in if
[2024-09-17T20:27:21.965] [INFO] default - in click
[2024-09-17T20:27:24.017] [INFO] default - In performAction
[2024-09-17T20:27:24.054] [INFO] default - In getElementHandleByXpath  //div[@class='rdw-editor-main']
[2024-09-17T20:27:24.055] [INFO] default - in if
[2024-09-17T20:27:24.183] [INFO] default - in type 1 Hi This is a new Feature
[2024-09-17T20:27:26.707] [INFO] default - In performAction
[2024-09-17T20:27:26.710] [INFO] default - In getElementHandleByXpath  //span[text()="Save"]//parent::button
[2024-09-17T20:27:26.711] [INFO] default - in if
[2024-09-17T20:27:26.754] [INFO] default - in click
[2024-09-17T20:27:28.819] [INFO] default - In performAction
[2024-09-17T20:27:28.822] [INFO] default - In getElementHandleByXpath  //label[@class="email-switch-label"]
[2024-09-17T20:27:28.824] [INFO] default - in if
[2024-09-17T20:27:28.858] [INFO] default - in click
[2024-09-17T20:27:30.903] [INFO] default - In performAction
[2024-09-17T20:27:30.907] [INFO] default - In getElementHandleByXpath  //aside//a[@href[starts-with(.,'/dashboard')]]
[2024-09-17T20:27:30.908] [INFO] default - in if
[2024-09-17T20:27:30.954] [INFO] default - in click
[2024-09-17T20:27:48.206] [INFO] default - In getElementHandleByXpath  //div[@class="banner-row-fixed-layout"]//following-sibling::span[@class="banner-message-layout"]
[2024-09-17T20:27:48.209] [INFO] default - in if
[2024-09-17T20:28:05.194] [INFO] default - Hi This is a new Feature

[2024-09-17T20:28:05.197] [INFO] default - After Each 
[2024-09-17T20:28:05.609] [INFO] default - Created custom screenshot  afterEach.png
[2024-09-17T20:28:05.617] [INFO] default - After ALL
